Channel - #kubuntu-devel
Total users- 470
Format of file - 
[All nicknames of a user]
UID


['Guest96957', 'Guest46625', 'Guest576', 'Guest15458', 'Guest67412', 'Guest59629', 'Guest89634', 'Guest22113', 'Guest99054', 'Guest21624', 'Guest93857', 'Guest5052', 'Guest23572', 'Guest13502', 'Guest42688', 'Guest49214', 'Guest40438', 'Guest81896', 'Guest6102', 'Guest64072', 'Guest88427', 'Guest19882', 'Guest50668', 'Guest14496', 'Guest21379', 'Guest13979', 'jono_', 'Guest75135', 'Guest19501', 'Guest9541', 'Guest53113', 'Guest30113', 'Guest14995', 'Guest90491', 'Guest48557', 'jono', 'Guest36288', 'Guest52213', 'Guest51067', 'Guest41351', 'Guest36860', 'Guest3821', 'Guest55880', 'Guest30234', 'Guest461', 'Guest22241', 'Guest61463', 'Guest50394', 'Guest59661', 'Guest21711', 'Guest7396', 'Guest92387', 'Guest52708', 'Guest28737', 'Guest10241', 'Guest19842', 'Guest2834', 'Guest27980', 'Guest5732', 'Guest81910', 'Guest52668', 'Guest37503', 'Guest95491', 'Guest76484', 'Guest69907', 'Guest78132', 'Guest90083', 'Guest51', 'Guest85454', 'Guest3379', 'Guest50232', 'Guest63303', 'Guest55286', 'Guest71790', 'Guest72545', 'Guest50058', 'Guest91193', 'Guest6286', 'ubuntu-goldfish', 'Guest7503', 'Guest54570', 'Guest19637', 'Guest59264', 'Guest74174']
1
['Guest26917', 'Guest39831', 'Guest57446', 'Guest76509', 'Guest31413', 'Guest39937', 'Guest21606', 'Guest69696', 'Guest91065', 'Guest38031', 'Guest94931', 'Guest77610', 'Guest39764', 'Guest5274', 'Guest69636', 'Guest42098', 'Guest83300', 'Guest46632', 'Guest16744', 'Guest53492', 'Guest38885', 'Guest55724', 'Guest70090', 'Guest96820', 'Guest21678', 'Guest64399', 'Guest95510', 'Guest54040', 'Guest86014', 'Guest96845', 'Guest48479', 'Guest94668', 'vinay', 'Guest49778', 'Guest88559', 'Guest96090', 'Guest90794', 'Guest57835', 'Guest26148', 'Guest14681', 'Guest90247', 'Guest87071', 'Guest18861', 'Guest33021', 'Guest8838', 'Guest99376', 'Guest45137', 'Guest55008', 'Guest94969']
2
['Guest15162', 'JackyAlcine', 'jackyalcine_', 'Guest77252', 'doge_', 'jalcine-', 'Agent_Smith', 'Guest97826', 'group', 'Guest80065', 'Jacky_', 'zz_zz_Jacky', 'JAlcine', 'Jacky', 'Guest85400', 'zz_Jacky_', 'zz_zz_zz_jackyal', 'zz_zz_jackyalcin', 'zz_Jacky', 'jackyalcine', 'Guest69145', 'zz_zz_zz_zz_jack', 'Guest33512', 'jacky', 'Guest71964', 'Guest5323', 'Guest15352', 'zz_jackyalcine_', 'zz_jackyalcine', 'Guest67037', 'this', 'jalcine_', 'jalcine', 'Guest84217', 'jacky-']
3
['Guest96869', 'fenris-', 'Guest52920', 'fenris', 'Guest83782', 'Guest24195', 'Guest68519', 'Guest10857', 'Guest64189', 'ejat-', 'Guest33829', 'Guest27064', 'Guest11938', 'Guest18389', 'ejat', 'fenris-_', 'Guest4248', 'Guest97540']
4
['Mamarok_Linuxday', 'Mamarok_', 'Guest70441', 'QT', 'Guest89270', 'Guest39996', 'Mamarok__', 'Guest5458', 'Guest87039', 'Guest40984', 'Mamarok-', 'resident_pharmac', 'Guest72783', 'Guest1467', 'Guest98649', 'Mamarok', 'Mamrok']
5
['Peace-', 'Peace-wifi', 'ScireggionexD', 'kubuntu', 'Peace--', 'Guest27590', 'Nessuno-', 'kununtu-devel', 'Peace-inculateBe', 'sem_', 'Guest4600', 'Peace-Vaio', 'Guest78693', 'sem', 'Peace-Vaop', 'Pe', 'peace--']
6
['greyback|eod', 'greyback_', 'greyback|dinner', 'bzoltan-smells', 'greyback|away', 'greyback|lunch', 'greyback|break', 'greyback', 'greyback|shops', 'greyback|latelun', 'greyback|food', 'greyback|unstabl', 'greyback__', 'greyback|needsfo', 'greyback|london']
7
['jessie', 'Guest32667', 'Guest5080', 'jessie_not_auth', 'jessie__', 'jessie_', 'Guest32216', 'jessie|lunch', 'Guest37894', 'JESSIE', 'jessie|work', 'jesssie__', 'jessie|pooing', 'jessie_not_authe']
8
['AgentA', 'hsitter', 'DarthVader', 'Phonon5', 'Phonon', 'apachelogger_', 'apachelogger', 'zombielogger', 'funman', 'apachleogger_', 'konvilogger', 'me_', 'yovel_']
9
['vorian', 'V', 'BiscuitNeck', 'DirtyLegs', 'mazzeroth', 'DoorDonkey', 'Guest24219', 'v', 'heHATEme', 'SATAN', 'Obama', 'v_']
10
['francisco', 'Guest78995', 'Guest75516', 'Guest93946', 'Guest44759', 'Guest7324', 'Guest17761', 'Guest25330', 'Guest80960', 'Guest84477', 'Guest27161', 'Guest74254']
11
['Guest33135', 'shadeslayer', 'Guest65093', 'Guest14946', 'dalekslayer', 'shadeslayer_', 'evilshadeslayer', 'kubot1', 'Guest2790', 'Guest5885', 'Guest46636']
12
['Guest72819', 'Guest3548', 'Guest62645', 'Guest91836', 'gaurav_', 'gaurav__', 'Guest220', 'Guest69795', 'Guest55594', 'Guest33956', 'gaurav']
13
['Guest98694', 'TaiChi', 'Guest86821', 'bwolfe', 'Guest70802', 'taiji_', 'bmw', 'brucew', '17SACU96Y', 'Guest47017', 'taiji']
14
['g4mby', 'G4MBY386', 'Guest86675', 'PaulW2U_', 'G4MBY2', 'PaulW2U', 'Paulw2U', 'paulW2U', 'Guest42494', 'G4MBY', 'Guest78283']
15
['claydoh__', 'clay_doh', 'Guest72807', 'claydoh', 'Guest12500', 'Guest84122', 'Guest28825', 'Guest56739', 'claydoh_', 'Guest41313']
16
['dpm-laptop', 'dpm__', 'dpm-uds', 'dpm-desktop', 'dpm_', 'dpm-afk', 'dpm', 'dpm-uow', 'dpm-lunch']
17
['codeforfun', 'BadDesign', 'ShiningThrough', 'Guest85226', 'Guest42601', 'Guest74909', 'Guest76336', 'code-for-fun']
18
['rdieter', 'rdieter_work', 'rdieter_afk', 'rdieter_laptop', 'rdieterlt', 'rdieter_', 'rdieter1', 'rdieter_away']
19
['yofel__', 'Guest92253', 'Guest73575', 'yofel_', 'Guest48069', 'yofel', 'Guest48668', 'Guest395']
20
['mck182', 'mck182|lunch', 'mck182|dinner', 'mck182|afk', 'mck182__', 'mck182_', 'mck182___', 'mck182|lunchh']
21
['Pici`_', 'Guest9250', 'TalkingMuffin', 'ZarroBoogs', 'Guest25996', 'Pici', 'Pici`']
22
['Guest69821', 'ryan_', 'rshort', 'ryan', 'ryan__', 'Guest90860', 'Guest81015']
23
['Guest70700', 'kde_valorie', 'KDE_valorie', 'valorie__', '77CAAL7QO', 'valorie_', 'valorie']
24
['skfini', 'skfin', 'Guest30692', 'Guest99878', 'skfin__', 'skfin_', 'Guest48686']
25
['cmagina-away', 'cmagina-lunch', 'cmagina_', 'valdiyen', 'cmagina_away', 'cmagina']
26
['maco_', 'maco__', 'maco', 'Guest90650', 'Guest69219', 'Guest16117']
27
['rudyismydog', 'DeaCon', 'monkeyjuice', 'mydogsname_isrud', 'mydogsnameisrudy', 'rudy_is_my_dog']
28
['ferai', 'Guest55882', 'jefferai', 'Guest37392', 'Guest82317', 'Guest73696']
29
['AbhiK_', 'AbhiK__', 'AbhiK[-_-]', 'AbhiK', 'AbhiK|GEEK-STUDY', 'somsubhra']
30
['wgrant_', 'Guest34878', 'Guest46080', 'Guest84363', 'Guest43647', 'wgrant']
31
['em', 'emma', 'EmmyTheBee', 'clickgay', 'emma_', 'qman']
32
['smartboyhw_', 'smartboyhe', 'Guest42028', 'smartboyhw-m', 'smartboyhw__', 'smartboyhw']
33
['genii_', 'genii-around', 'genii-o-lantern', 'genii', 'Guest71967']
34
['77CAAVMF2', 'Guest48798', 'TheDrums', 'TheDrums_', 'DalekSec']
35
['Tonio_', 'lftp', 'Tonio__', 'Tonio_aw', 'Tonio2']
36
['Guest41838', 'Tm_T_', 'Guest28208', 'Guest48664', 'Tm_Tr']
37
['Guest14715', 'pascal', 'Guest4110', 'Guest15198', 'Guest56995']
38
['[BNC]chaudhary', 'Guest59394', 'chaudhary', 'Guest15454', 'Guest65729']
39
['Huzaros', 'Quintasan_', 'IwanSenior', '18WAC4VUS', 'Quintasan']
40
['d_____________ed', 'de_d', 'de_____________d', 'drdanz', 'd_______________']
41
['ghostcube_', 'ghostcube__', 'ghostcube', 'Guest46159']
42
['calc2', 'calc', 'cheney', 'calc_']
43
['zorael', 'zorael^', 'zorael^nubcake', 'losdolmos']
44
['Adityab_', 'Adityab', 'AdityaB', 'hays_']
45
['apol_', 'apol', 'aleix', 'apol__']
46
['soee', 'soee_', 'soee__', 'k1ck-soee']
47
['ubotu-br', 'hggdh_', 'hggdh', 'ubotu-br`']
48
['Noskcaj10', 'Noskcaj', 'I_Hate_Timezones', 'Noskcaj_afk']
49
['kubuntu_', 'Guest9439', 'murthy__', 'phoenix']
50
['ronnoc', 'Guest85644', 'ronnoc_', 'james_']
51
['45PAAUV34', 'rexxster__', 'rexxster', '6JTAAVX6H']
52
['rF2746lourt', 'rKettleBirch', 'rAlsobaruwie', 'rKettleother']
53
['jonse168', 'Jon_Severinsson', 'Jonno_', 'jonse168_']
54
['jussi01', 'juss', 'android', 'jussi']
55
['AlexZion', 'Alex-Zion', 'aLEXzION_', '45PAAL7PJ']
56
['Guest15032', 'ashams_', 'Guest64962', 'ashams']
57
['dantti_laptop', 'dantti_laptop|2', 'dantti', 'dantti|2']
58
['fabo_', 'fabo_awa1', 'fabo_away', 'fabo']
59
['jtatria', 'gorgonzola', 'gorgonzola_', 'galoise']
60
['Guest34896', 'fenris_', 'Guest89074', 'Guest9260']
61
['doko_', 'xnox', 'xnox_', 'foxtrot']
62
['aske', 'blaze', 'blaze`']
63
['Guest59058', 'starbuck', 'Guest72411']
64
['fregl', 'frederik', 'fregl_']
65
['oli', 'Oli', 'Oli``']
66
['wendar_', 'wendar', 'allisonrandal']
67
['eagles0513875', 'eagles051387', 'eagles0513875_']
68
['cff', 'cff_', 'Guest40673']
69
['TributeToManning', 'Blizzz', 'Blizzzek']
70
['hv-onlogged', 'highvoltage', 'highvolt1ge']
71
['lordievader', 'lordieva1er', 'Guest31192']
72
['allee_', 'allee', 'alleehol']
73
['amichair_', 'amichair', 'amichair__']
74
['smarter__', 'smarter_', 'smarter']
75
['schmidtm', 'schmidtm_', 'schmidtm__']
76
['ubottu', 'ubott2', '17SAC2T0E']
77
['TaiChi_', 'Guest93684', 'Guest84151']
78
['16WAAWNWX', 'Daskreech', 'skreech_']
79
['ryanakca_', 'ryanakca', 'Guest91110']
80
['ovidiu-f-', 'ovidiu-florin', 'ovidiu-florin_']
81
['davmor2_', 'davmor2', 'help']
82
['razor', 'razor_', 'Guest25170']
83
['superfly', 'who_da_fly', 'superfly_']
84
['vassie', 'ben__', 'vassie_']
85
['SergioMeneses', 'lordsame', 'SergioMenesesAFK']
86
['GGGGEEO', 'GEO', 'Esokrates']
87
['toscalix', '20WACYJOB', '16WAAAJ2N']
88
['jmux', 'Guest65398', 'jmux_']
89
['Guest51964', 'Tm_T', 'Guest1531']
90
['bambee', 'rperier_', 'rperier']
91
['himcesjf_', 'himcesjf', 'him-cesjf']
92
['DonVitoDon', 'DonVitoCorleone', 'DonVito']
93
['jjg', 'ajcortes', 'jjg1965']
94
['d_ed', 'AgentJ', 'Agent']
95
['KRF', 'kfunk', 'KRF_']
96
['jtechidna', 'echidnaman', 'JontheEchidna']
97
['kameloso^', 'kameloso^^', 'kameloso']
98
['murthy_', 'murthy_CR', 'murthy']
99
['palasso_', 'palasso', 'palasso__']
100
['ximion-afk', 'ximion', 'ximion1']
101
['markey_work', 'markey_work_']
102
['inetpro', 'inetpro_']
103
['s1aden', 'sladen']
104
['jdrab', 'jdrab_']
105
['6JTAAJ8H9', 'Toscalix']
106
['_human_blip_', 'human_blip']
107
['Topic unset by smartboyhw on #kubuntu-devel', 'opic unset by smartboyhw on #kubuntu-devel']
108
['sreich2', 'sreich']
109
['keithzg', 'keithzg_']
110
['petersaints', 'petersaints_']
111
['sheytan', 'sheytan_']
112
['georgelappies', 'georgelappies_']
113
['micahg', 'micahg_']
114
['slacker_nl', 'slacker_1l']
115
['Stuz719_', 'Stuz719']
116
['kc8qvp', 'kc8qvp_']
117
['Pinkpony', 'Guest47906']
118
['Darkwing_', 'Darkwing']
119
['Sput', 'Squt']
120
['SteveRiley_', 'SteveRiley']
121
['hrww', 'hrw']
122
['popey', 'popey_']
123
['rafael', 'Guest23195']
124
['mikhas_', 'mikhas']
125
['debfx', 'debfx_']
126
['markey', 'markey_']
127
['Pete', 'Guest38273']
128
['azeem_', 'azeem']
129
['shivang', 'shivang_']
130
['chronossc', 'chronos']
131
['ahoneybun_', 'ahoneybun']
132
['zequence_', 'zequence']
133
['Guest16260', 'felipe_']
134
['hefeweiz3n_', 'hefe_akademy']
135
['tsimpson_', 'tsimpson']
136
['tazz', 'tazz_']
137
['skellat', 'alpacaherder']
138
['skaet', '18WADHLGX']
139
['freedomrun', 'Guest97005']
140
['gerlosv', 'gerlos']
141
['kozz_', 'kozz']
142
['mitya57_', 'mitya57']
143
['zarvox', 'zarvox_']
144
['vHanda', 'vHanda_']
145
['mgraesslin', 'mgraesslin_']
146
['phoenix_firebrd', 'phoenix_firebrd_']
147
['Guest97602', 'scotty']
148
['ikonia_', 'ikonia']
149
['bzyx', 'bzyx_']
150
['tsdgeos', 'tsdgeos_']
151
['agateau_', 'agateau']
152
['okami', 'Guest45508']
153
['Guest4904', 'scott']
154
['BluesKaj', 'BluesKaj_']
155
['Guest48005', 'vibhav']
156
['TheOneRing_', 'TheOneRing']
157
['Toadnohyp', 'Hypnotoad']
158
['benonsoftware', 'OutOfControl']
159
['rbelem', 'rbelem_']
160
['sayakb', 'sayakb_']
161
['cortexA9', 'cortexA9_']
162
['Mirv_', 'Mirv']
163
['LaserJock1', 'LaserJock']
164
['Riddelll', 'Riddell']
165
['mamarley_', 'mamarley']
166
['bedahr', 'bedahr_']
167
['seele_', 'seele']
168
['Guest51288', 'shadeslayer__']
169
['jjesse', 'jjesse_']
170
['Guest88026', 'ian']
171
['manchicken-hp', 'manchicken']
172
['AlanChicken', 'AlanBell']
173
['haudegen___', 'haudegen']
174
['santa_', 'santa__']
175
['kubotu', 'kubotu_']
176
['neversfelde', 'neversfelde_']
177
['saidinesh5', 'saidinesh']
178
['alvin', 'alvin_']
179
['jemparing_', 'jemparing__']
180
['juancarlospaco', 'juancarlospaco_']
181
['Darkwing-Konvers', 'david_']
182
['nhandler_', 'nhandler']
183
['lars', 'Genyar']
184
['LordOfTime', 'TheLordOfTime']
185
['shrinivasan', 'shrini']
186
['seaLne_', 'seaLne']
187
['gorgonizer_', 'gorgonizer']
188
['21WAA3DEN', 'toscalix_']
189
['doctorpepper_', 'doctorpepper']
190
['homer', 'Guest90530']
191
['turgay', 'turgay_']
192
['cyphermox', 'cyphermox_']
193
['Evpok_', 'Evpok']
194
['mkv', 'm4v']
195
['txwikinger2', 'txwikinger']
196
['ScottK2', 'ScottK']
197
['freeflying', 'freeflyi1g']
198
['jjesse-home_', 'jjesse-home']
199
['mzaza']
200
['Impossible']
201
['leandrosansilva']
202
['n8w']
203
['lkysady']
204
['R33D3M33R']
205
['menace']
206
['Wiho']
207
['chill']
208
['starbuck1']
209
['snele_livesessio']
210
['afiestas']
211
['littlegirl']
212
['Arhi']
213
['snele_']
214
['dhruv']
215
['leif_']
216
['Sime']
217
['steveire']
218
['guest-VAsONf']
219
['vs73nx']
220
['fit']
221
['parad1se_']
222
['ahoneybunn_']
223
['sakang']
224
['tester56']
225
['yottabit']
226
['contrast']
227
['vet']
228
['bolo']
229
['ramiro_']
230
['jbicha']
231
['mparillo']
232
['kidx']
233
['Guest3903']
234
['jaysonr']
235
['Forrest']
236
['MichaelP']
237
['clara']
238
['Kris_away_']
239
['ovidiu-f']
240
['msx']
241
['fabio123']
242
['mayky']
243
['flow__']
244
['Laney']
245
['michael-mike']
246
['robtygart']
247
['Linkmaster']
248
['Roey']
249
['searchfgold']
250
['raeg']
251
['snele']
252
['MJJ78346734']
253
['Trevor_']
254
['wakeup']
255
['hxka']
256
['ilir']
257
['Chutney']
258
['tvoss_']
259
['MCR1']
260
['ahoneybun__']
261
['unicodesnowman']
262
['Crumble__']
263
['starbuck11']
264
['robertknight']
265
['hachem']
266
['sgclark']
267
['Guest88209']
268
['dtchen']
269
['skreech__']
270
['MountainX']
271
['david-ktp']
272
['aPpYe']
273
['frank67']
274
['who_me']
275
['parad1se']
276
['cer']
277
['peace-vaio']
278
['mustafa_muhammad']
279
['soop_de_woop']
280
['Shrikee']
281
['brestows']
282
['sbivol']
283
['soee_ninja']
284
['yuriy_']
285
['mrrijo']
286
['hanning']
287
['volkan_']
288
['gnumdk']
289
['AndChat|545664']
290
['Odur_']
291
['Lukas_']
292
['amingv']
293
['tester56__']
294
['ari-tczew']
295
['classicchins']
296
['aseny']
297
['basse']
298
['falktx']
299
['isaque']
300
['sick_rimmit']
301
['samofrome']
302
['marcuspbaird']
303
['juancarlos']
304
['dholbach']
305
['scott_']
306
['dmatt']
307
['HansImGlueck']
308
['santa']
309
['QwertyKb']
310
['nandi1']
311
['Guest19724']
312
['rsd']
313
['olivier___']
314
['sadandblue']
315
['Craig']
316
['marcoz']
317
['elcaset']
318
['Jekyll']
319
['cyberangel']
320
['Rshirzad']
321
['Knarf']
322
['ChilliNinja']
323
['cmollekopf']
324
['bcooksley']
325
['DanChapman']
326
['ghostburner']
327
['Alex_Zion']
328
['volkan']
329
['howard_']
330
['frank1']
331
['tstone']
332
['waliarubal']
333
['Shura']
334
['skaet_']
335
['tariq']
336
['ricktimmis']
337
['mtu']
338
['dilfridge']
339
['dmitryK']
340
['RichiH']
341
['EvilRoey']
342
['Tariq_']
343
['tyrog']
344
['new']
345
['baltolkien']
346
['d_ed_']
347
['benvantende_']
348
['Gsport']
349
['LeeJunFan']
350
['DarthCodus']
351
['rgreening']
352
['esing']
353
['ggvaberi']
354
['maximus']
355
['nonickname2']
356
['kristal']
357
['prem_']
358
['crissi']
359
['jr']
360
['alaa']
361
['akoma1s']
362
['_Groo_']
363
['senan']
364
['utusan']
365
['drx_']
366
['lars_']
367
['Riddell_']
368
['sudeep']
369
['calmsiva']
370
['linux']
371
['Noskcaj_school']
372
['philwyett']
373
['EagleScreen']
374
['vinay_']
375
['eos']
376
['unicodesnow']
377
['Daviey']
378
['rick_timmis']
379
['Jonah_']
380
['Hubert-01']
381
['moray33_']
382
['Sick_Rimmit']
383
['wifistinks']
384
['__dan__']
385
['Harbort']
386
['Mic___']
387
['jtal604622']
388
['manchicken_']
389
['draconus']
390
['mikecb']
391
['Odur']
392
['tvoss']
393
['BarkingFish']
394
['gspr']
395
['freinhard']
396
['Guest2126']
397
['paul_']
398
['bambule']
399
['vista_killer']
400
['FlowRiser']
401
['21WAAARA1']
402
['jose']
403
['ADmad_']
404
['manchicken1']
405
['m_tadeu']
406
['Ruka']
407
['exalt']
408
['PrincessLuna']
409
['Tonio']
410
['friti']
411
['manchicken_oa']
412
['Letozaf_']
413
['baltolkien_']
414
['bukai']
415
['Kris_CGo']
416
['jazz']
417
['jabberwocky_']
418
['jdoles']
419
['NikTh']
420
['Peace-pavillion']
421
['Kris_away']
422
['maxwerwolf']
423
['arokux1']
424
['New']
425
['Kalidarn']
426
['c2tarun']
427
['raeg12345']
428
['d__ed']
429
['dragotin']
430
['tariq_']
431
['Fa_1']
432
['yossarianuk']
433
['EMP__']
434
['gstnet']
435
['Blueskaj']
436
['rohan']
437
['k1310']
438
['oy']
439
['Noskcaj_']
440
['Darkwing-2']
441
['frandecai']
442
['ahoneybunn']
443
['chiefw0tj']
444
['afiestas_']
445
['Dark_light']
446
['shrinivasan_']
447
['mfraz74']
448
['MisterBlues']
449
['amateur']
450
['yurchor']
451
['haroldbethwelsh']
452
['mikeinsandpoint']
453
['benvantende']
454
['AshishL']
455
['csn']
456
['Chat7378']
457
['acmarques']
458
['noMoreMrNiceGuy']
459
['bkerensa']
460
['sbivol_']
461
['shevron']
462
['test']
463
['Dummies_freelanc']
464
['kubuntu83']
465
['noobie']
466
['therazr']
467
['leszek']
468
['fos']
469
['Moholmarn']
470
