

#kubuntu-devel_1_1_2013_simpledirectedgraph_igraphs.png
Clustering with 0 elements and 0 clusters


#kubuntu-devel_2_1_2013_simpledirectedgraph_igraphs.png
Clustering with 13 elements and 1 clusters
[0] 55, 20, 12, 197, 90, 97, 121, 40, 125, 77, 176, 49, 165


#kubuntu-devel_3_1_2013_simpledirectedgraph_igraphs.png
Clustering with 7 elements and 1 clusters
[0] 12, 40, 55, 47, 197, 20, 165


#kubuntu-devel_4_1_2013_simpledirectedgraph_igraphs.png
Clustering with 20 elements and 1 clusters
[0] 20, 197, 12, 47, 40, 347, 62, 187, 21, 199, 27, 1, 24, 16, 114, 97, 139,
    121, 119, 165


#kubuntu-devel_5_1_2013_simpledirectedgraph_igraphs.png
Clustering with 11 elements and 4 clusters
[0] 12, 47, 165, 90
[1] 197, 211, 20
[2] 125, 40
[3] 155, 51


#kubuntu-devel_6_1_2013_simpledirectedgraph_igraphs.png
Clustering with 15 elements and 5 clusters
[0] 20, 224
[1] 12, 114, 47, 121, 339
[2] 40, 165, 3
[3] 62, 197, 211
[4] 5, 16


#kubuntu-devel_7_1_2013_simpledirectedgraph_igraphs.png
Clustering with 17 elements and 4 clusters
[0] 197, 62, 165, 40, 245, 9
[1] 114, 12, 47, 20, 90, 58, 97
[2] 211, 73
[3] 5, 16


#kubuntu-devel_8_1_2013_simpledirectedgraph_igraphs.png
Clustering with 18 elements and 4 clusters
[0] 55, 12, 145, 165, 245, 9, 125, 82, 198, 65, 8
[1] 112, 20, 97
[2] 73, 211
[3] 155, 47


#kubuntu-devel_9_1_2013_simpledirectedgraph_igraphs.png
Clustering with 19 elements and 4 clusters
[0] 12, 20, 165, 245, 59, 40, 211, 73
[1] 51, 119, 9, 97, 112
[2] 77, 47, 136, 197
[3] 151, 260


#kubuntu-devel_10_1_2013_simpledirectedgraph_igraphs.png
Clustering with 21 elements and 2 clusters
[0] 12, 211, 20, 40, 165, 145, 439, 90, 9, 55, 197, 97, 119, 8, 139, 109, 252,
    5, 125
[1] 461, 196


#kubuntu-devel_11_1_2013_simpledirectedgraph_igraphs.png
Clustering with 17 elements and 1 clusters
[0] 197, 165, 119, 31, 12, 20, 283, 59, 9, 439, 146, 152, 190, 40, 211, 82,
    112


#kubuntu-devel_12_1_2013_simpledirectedgraph_igraphs.png
Clustering with 6 elements and 3 clusters
[0] 73, 211
[1] 185, 394
[2] 51, 12


#kubuntu-devel_13_1_2013_simpledirectedgraph_igraphs.png
Clustering with 7 elements and 2 clusters
[0] 20, 394, 73, 12, 197
[1] 165, 217


#kubuntu-devel_14_1_2013_simpledirectedgraph_igraphs.png
Clustering with 10 elements and 1 clusters
[0] 73, 20, 197, 165, 12, 211, 9, 125, 40, 214


#kubuntu-devel_15_1_2013_simpledirectedgraph_igraphs.png
Clustering with 10 elements and 1 clusters
[0] 73, 20, 165, 197, 59, 40, 211, 8, 4, 12


#kubuntu-devel_16_1_2013_simpledirectedgraph_igraphs.png
Clustering with 19 elements and 1 clusters
[0] 73, 20, 165, 176, 421, 136, 9, 6, 155, 12, 59, 373, 40, 211, 283, 147, 55,
    62, 5


#kubuntu-devel_17_1_2013_simpledirectedgraph_igraphs.png
Clustering with 22 elements and 1 clusters
[0] 55, 12, 165, 137, 20, 40, 9, 58, 197, 439, 77, 27, 97, 196, 352, 177, 126,
    183, 152, 65, 176, 3


#kubuntu-devel_18_1_2013_simpledirectedgraph_igraphs.png
Clustering with 10 elements and 1 clusters
[0] 165, 47, 6, 20, 12, 9, 283, 55, 40, 197


#kubuntu-devel_19_1_2013_simpledirectedgraph_igraphs.png
Clustering with 11 elements and 3 clusters
[0] 47, 165, 283, 5, 20, 211, 12
[1] 155, 127
[2] 55, 97


#kubuntu-devel_20_1_2013_simpledirectedgraph_igraphs.png
Clustering with 9 elements and 2 clusters
[0] 40, 197, 165, 136, 255, 73, 20
[1] 12, 38


#kubuntu-devel_21_1_2013_simpledirectedgraph_igraphs.png
Clustering with 16 elements and 5 clusters
[0] 73, 165, 9, 147, 244, 90, 395
[1] 20, 12, 193
[2] 62, 211
[3] 6, 155
[4] 125, 40


#kubuntu-devel_22_1_2013_simpledirectedgraph_igraphs.png
Clustering with 9 elements and 1 clusters
[0] 6, 165, 211, 20, 12, 193, 73, 197, 147


#kubuntu-devel_23_1_2013_simpledirectedgraph_igraphs.png
Clustering with 21 elements and 2 clusters
[0] 165, 147, 20, 73, 90, 12, 105, 62, 193, 152, 374, 211, 176, 9, 328, 8, 55,
    197, 85
[1] 16, 121


#kubuntu-devel_24_1_2013_simpledirectedgraph_igraphs.png
Clustering with 19 elements and 2 clusters
[0] 147, 20, 165, 9, 12, 90, 97, 125, 85, 192, 59, 155, 73, 124, 374, 55, 394
[1] 197, 193


#kubuntu-devel_25_1_2013_simpledirectedgraph_igraphs.png
Clustering with 14 elements and 3 clusters
[0] 147, 394, 12, 165, 20, 85, 62, 298, 193, 97
[1] 73, 211
[2] 55, 71


#kubuntu-devel_26_1_2013_simpledirectedgraph_igraphs.png
Clustering with 5 elements and 1 clusters
[0] 12, 9, 20, 112, 211


#kubuntu-devel_27_1_2013_simpledirectedgraph_igraphs.png
Clustering with 12 elements and 1 clusters
[0] 394, 9, 12, 165, 147, 20, 136, 155, 197, 40, 112, 5


#kubuntu-devel_28_1_2013_simpledirectedgraph_igraphs.png
Clustering with 21 elements and 1 clusters
[0] 12, 165, 55, 71, 6, 20, 62, 91, 59, 136, 9, 379, 5, 111, 77, 155, 90, 40,
    47, 33, 85


#kubuntu-devel_29_1_2013_simpledirectedgraph_igraphs.png
Clustering with 20 elements and 4 clusters
[0] 12, 3, 90, 20, 147, 176, 62, 9, 136
[1] 379, 165, 73, 155, 85, 40, 283
[2] 122, 211
[3] 49, 197


#kubuntu-devel_30_1_2013_simpledirectedgraph_igraphs.png
Clustering with 16 elements and 3 clusters
[0] 165, 85, 81, 155, 33, 3
[1] 12, 147, 20, 9, 62, 252, 136
[2] 49, 197, 55


#kubuntu-devel_31_1_2013_simpledirectedgraph_igraphs.png
Clustering with 15 elements and 2 clusters
[0] 147, 12, 20, 165, 112, 9, 145, 155, 33, 197, 176, 70, 97
[1] 40, 55


#kubuntu-devel_1_2_2013_simpledirectedgraph_igraphs.png
Clustering with 15 elements and 1 clusters
[0] 147, 20, 12, 55, 165, 33, 155, 82, 40, 119, 352, 430, 337, 9, 176


#kubuntu-devel_2_2_2013_simpledirectedgraph_igraphs.png
Clustering with 10 elements and 1 clusters
[0] 12, 20, 90, 155, 6, 165, 19, 9, 176, 147


#kubuntu-devel_3_2_2013_simpledirectedgraph_igraphs.png
Clustering with 3 elements and 1 clusters
[0] 9, 197, 165


#kubuntu-devel_4_2_2013_simpledirectedgraph_igraphs.png
Clustering with 12 elements and 1 clusters
[0] 147, 20, 12, 9, 439, 24, 97, 6, 47, 155, 33, 165


#kubuntu-devel_5_2_2013_simpledirectedgraph_igraphs.png
Clustering with 19 elements and 2 clusters
[0] 33, 165, 12, 147, 9, 155, 20, 85, 136, 82, 46, 97, 119, 120, 229, 394
[1] 55, 197, 40


#kubuntu-devel_6_2_2013_simpledirectedgraph_igraphs.png
Clustering with 26 elements and 5 clusters
[0] 165, 55, 163, 20, 152, 337, 252, 33, 123, 396
[1] 9, 56, 12, 77, 3, 62, 73, 229, 211
[2] 40, 125, 197
[3] 5, 16
[4] 147, 85


#kubuntu-devel_7_2_2013_simpledirectedgraph_igraphs.png
Clustering with 20 elements and 4 clusters
[0] 9, 165, 197, 163, 12, 211, 123, 147, 20, 45, 33, 59, 139, 74
[1] 47, 15
[2] 155, 34
[3] 19, 8


#kubuntu-devel_8_2_2013_simpledirectedgraph_igraphs.png
Clustering with 20 elements and 4 clusters
[0] 33, 9, 165, 12, 45, 72, 77, 90, 40, 38, 211, 194
[1] 20, 47, 155
[2] 197, 81
[3] 55, 176, 152


#kubuntu-devel_9_2_2013_simpledirectedgraph_igraphs.png
Clustering with 17 elements and 5 clusters
[0] 147, 33, 72, 12, 165, 77, 112
[1] 81, 197, 97
[2] 155, 141
[3] 20, 394
[4] 6, 90, 40


#kubuntu-devel_10_2_2013_simpledirectedgraph_igraphs.png
Clustering with 11 elements and 1 clusters
[0] 81, 197, 165, 20, 394, 33, 24, 373, 72, 12, 40


#kubuntu-devel_11_2_2013_simpledirectedgraph_igraphs.png
Clustering with 17 elements and 1 clusters
[0] 31, 20, 9, 197, 165, 152, 33, 81, 155, 176, 72, 230, 211, 147, 55, 145, 99


#kubuntu-devel_12_2_2013_simpledirectedgraph_igraphs.png
Clustering with 22 elements and 1 clusters
[0] 20, 394, 80, 34, 197, 33, 165, 12, 163, 9, 97, 211, 46, 145, 72, 155, 1,
    81, 176, 99, 55, 119


#kubuntu-devel_13_2_2013_simpledirectedgraph_igraphs.png
Clustering with 24 elements and 1 clusters
[0] 9, 165, 12, 20, 5, 121, 211, 163, 55, 99, 33, 155, 409, 81, 123, 378, 46,
    139, 197, 112, 72, 40, 34, 62


#kubuntu-devel_14_2_2013_simpledirectedgraph_igraphs.png
Clustering with 26 elements and 3 clusters
[0] 9, 40, 33, 12, 197, 72, 165, 176, 335, 112, 82, 81, 163, 152, 75, 99, 211,
    97, 394
[1] 20, 34, 252, 147, 190
[2] 58, 160


#kubuntu-devel_15_2_2013_simpledirectedgraph_igraphs.png
Clustering with 21 elements and 2 clusters
[0] 147, 20, 9, 394, 34, 165, 211, 152, 62, 112, 33, 12, 82, 163, 155, 99, 40,
    63, 176
[1] 90, 55


#kubuntu-devel_16_2_2013_simpledirectedgraph_igraphs.png
Clustering with 11 elements and 3 clusters
[0] 20, 34, 33, 12, 155, 99, 195
[1] 9, 112
[2] 40, 165


#kubuntu-devel_17_2_2013_simpledirectedgraph_igraphs.png
Clustering with 10 elements and 2 clusters
[0] 20, 40, 9, 12, 33, 72, 112, 176
[1] 165, 119


#kubuntu-devel_18_2_2013_simpledirectedgraph_igraphs.png
Clustering with 18 elements and 1 clusters
[0] 33, 12, 165, 9, 20, 119, 176, 90, 112, 152, 40, 77, 82, 273, 81, 75, 3,
    301


#kubuntu-devel_19_2_2013_simpledirectedgraph_igraphs.png
Clustering with 17 elements and 1 clusters
[0] 20, 33, 99, 12, 112, 9, 165, 152, 55, 40, 119, 160, 176, 34, 155, 59, 197


#kubuntu-devel_20_2_2013_simpledirectedgraph_igraphs.png
Clustering with 18 elements and 1 clusters
[0] 197, 9, 90, 188, 165, 47, 33, 12, 20, 119, 176, 160, 99, 40, 82, 224, 155,
    55


#kubuntu-devel_21_2_2013_simpledirectedgraph_igraphs.png
Clustering with 20 elements and 1 clusters
[0] 55, 12, 51, 165, 33, 20, 99, 197, 211, 125, 9, 104, 176, 378, 155, 152,
    97, 40, 34, 112


#kubuntu-devel_22_2_2013_simpledirectedgraph_igraphs.png
Clustering with 13 elements and 1 clusters
[0] 9, 394, 152, 197, 165, 20, 97, 125, 33, 155, 99, 12, 40


#kubuntu-devel_23_2_2013_simpledirectedgraph_igraphs.png
Clustering with 13 elements and 3 clusters
[0] 40, 20, 99, 9, 12, 112, 10, 34
[1] 16, 33, 197
[2] 165, 151


#kubuntu-devel_24_2_2013_simpledirectedgraph_igraphs.png
Clustering with 15 elements and 1 clusters
[0] 20, 176, 112, 211, 33, 119, 165, 12, 40, 99, 9, 195, 197, 34, 72


#kubuntu-devel_25_2_2013_simpledirectedgraph_igraphs.png
Clustering with 13 elements and 1 clusters
[0] 99, 20, 197, 33, 165, 72, 112, 9, 81, 12, 40, 146, 152


#kubuntu-devel_26_2_2013_simpledirectedgraph_igraphs.png
Clustering with 19 elements and 1 clusters
[0] 197, 20, 152, 165, 62, 85, 163, 9, 155, 119, 40, 72, 12, 82, 1, 99, 55,
    211, 176


#kubuntu-devel_27_2_2013_simpledirectedgraph_igraphs.png
Clustering with 17 elements and 1 clusters
[0] 40, 9, 12, 1, 197, 20, 165, 5, 119, 460, 33, 71, 19, 17, 152, 55, 99


#kubuntu-devel_28_2_2013_simpledirectedgraph_igraphs.png
Clustering with 20 elements and 3 clusters
[0] 119, 176, 197, 40, 12, 9, 20, 33, 123, 82, 126, 97, 211, 99
[1] 165, 152, 112, 62, 74
[2] 229


#kubuntu-devel_1_3_2013_simpledirectedgraph_igraphs.png
Clustering with 3 elements and 1 clusters
[0] 99, 12, 215


#kubuntu-devel_2_3_2013_simpledirectedgraph_igraphs.png
Clustering with 2 elements and 1 clusters
[0] 9, 20


#kubuntu-devel_3_3_2013_simpledirectedgraph_igraphs.png
Clustering with 9 elements and 3 clusters
[0] 9, 112, 20, 197, 33
[1] 119, 24
[2] 123, 165


#kubuntu-devel_4_3_2013_simpledirectedgraph_igraphs.png
Clustering with 20 elements and 1 clusters
[0] 197, 20, 99, 9, 24, 40, 33, 146, 165, 307, 62, 211, 58, 81, 12, 55, 119,
    176, 8, 1


#kubuntu-devel_5_3_2013_simpledirectedgraph_igraphs.png
Clustering with 28 elements and 1 clusters
[0] 99, 9, 71, 197, 165, 353, 55, 136, 20, 31, 5, 12, 33, 47, 40, 146, 119,
    138, 176, 64, 81, 441, 112, 155, 97, 139, 8, 67


#kubuntu-devel_6_3_2013_simpledirectedgraph_igraphs.png
Clustering with 28 elements and 1 clusters
[0] 165, 40, 20, 9, 24, 138, 67, 197, 47, 72, 90, 146, 5, 55, 12, 99, 33, 176,
    101, 112, 19, 155, 62, 114, 125, 8, 70, 416


#kubuntu-devel_7_3_2013_simpledirectedgraph_igraphs.png
Clustering with 27 elements and 2 clusters
[0] 9, 97, 110, 165, 176, 300, 62, 99, 197, 55, 47, 12, 90, 5, 20, 155, 33,
    112, 156, 125, 72, 40, 82, 29, 71
[1] 24, 460


#kubuntu-devel_8_3_2013_simpledirectedgraph_igraphs.png
Clustering with 27 elements and 1 clusters
[0] 24, 20, 72, 99, 165, 62, 125, 33, 211, 55, 40, 9, 12, 341, 119, 81, 47,
    176, 197, 112, 364, 114, 147, 58, 77, 27, 460


#kubuntu-devel_9_3_2013_simpledirectedgraph_igraphs.png
Clustering with 12 elements and 1 clusters
[0] 165, 197, 9, 176, 460, 109, 33, 12, 249, 72, 20, 99


#kubuntu-devel_10_3_2013_simpledirectedgraph_igraphs.png
Clustering with 16 elements and 3 clusters
[0] 165, 12, 20, 33, 24, 123, 55, 119, 97, 19, 211
[1] 99, 114, 5
[2] 62, 197


#kubuntu-devel_11_3_2013_simpledirectedgraph_igraphs.png
Clustering with 25 elements and 1 clusters
[0] 20, 12, 99, 33, 90, 72, 62, 211, 460, 165, 152, 155, 47, 197, 9, 119, 125,
    81, 5, 145, 176, 97, 156, 40, 27


#kubuntu-devel_12_3_2013_simpledirectedgraph_igraphs.png
Clustering with 28 elements and 2 clusters
[0] 1, 165, 5, 20, 40, 9, 55, 33, 211, 73, 136, 72, 99, 12, 197, 176, 152, 97,
    17, 62, 127, 88, 119, 110, 121
[1] 90, 47, 77


#kubuntu-devel_13_3_2013_simpledirectedgraph_igraphs.png
Clustering with 30 elements and 4 clusters
[0] 114, 12, 5, 127, 9, 197, 97, 17, 20, 176, 33, 460, 73
[1] 165, 249, 119, 16, 383, 63, 21, 152
[2] 110, 62, 72, 147, 49, 413
[3] 99, 155, 27


#kubuntu-devel_14_3_2013_simpledirectedgraph_igraphs.png
Clustering with 28 elements and 2 clusters
[0] 20, 12, 165, 422, 9, 99, 16, 5, 55, 239, 72, 33, 402, 97, 197, 40, 439,
    155, 77, 90, 47, 110, 50, 19, 176, 101
[1] 62, 152


#kubuntu-devel_15_3_2013_simpledirectedgraph_igraphs.png
Clustering with 21 elements and 2 clusters
[0] 12, 101, 165, 24, 99, 33, 112, 9, 20, 55, 136, 197, 47, 5, 119, 97, 3,
    146, 40
[1] 43, 27


#kubuntu-devel_16_3_2013_simpledirectedgraph_igraphs.png
Clustering with 14 elements and 5 clusters
[0] 12, 20, 99, 63
[1] 197, 9, 127, 165, 112
[2] 5, 463
[3] 109, 72
[4] 64


#kubuntu-devel_17_3_2013_simpledirectedgraph_igraphs.png
Clustering with 10 elements and 3 clusters
[0] 12, 197, 9, 20, 97, 112
[1] 114, 24
[2] 72, 47


#kubuntu-devel_18_3_2013_simpledirectedgraph_igraphs.png
Clustering with 13 elements and 4 clusters
[0] 143, 9, 197, 112, 165, 99
[1] 20, 47
[2] 40, 12, 114
[3] 424, 163


#kubuntu-devel_19_3_2013_simpledirectedgraph_igraphs.png
Clustering with 22 elements and 5 clusters
[0] 197, 9, 5, 127, 72, 334
[1] 165, 55, 97, 119
[2] 163, 424, 90, 176
[3] 12, 280, 20, 47, 155, 40
[4] 99, 112


#kubuntu-devel_20_3_2013_simpledirectedgraph_igraphs.png
Clustering with 13 elements and 3 clusters
[0] 62, 9, 165, 40, 176, 20, 224, 152, 64
[1] 197, 12
[2] 27, 334


#kubuntu-devel_21_3_2013_simpledirectedgraph_igraphs.png
Clustering with 18 elements and 4 clusters
[0] 165, 47, 137, 152, 72, 62
[1] 12, 9, 197, 101, 146, 20, 360, 145, 155
[2] 55, 90
[3] 196


#kubuntu-devel_22_3_2013_simpledirectedgraph_igraphs.png
Clustering with 15 elements and 2 clusters
[0] 197, 33, 72, 165, 99, 316, 300, 152, 62
[1] 12, 20, 146, 9, 47, 112


#kubuntu-devel_23_3_2013_simpledirectedgraph_igraphs.png
Clustering with 7 elements and 1 clusters
[0] 20, 40, 12, 155, 5, 165, 197


#kubuntu-devel_24_3_2013_simpledirectedgraph_igraphs.png
Clustering with 5 elements and 2 clusters
[0] 197, 40, 12
[1] 33, 165


#kubuntu-devel_25_3_2013_simpledirectedgraph_igraphs.png
Clustering with 16 elements and 4 clusters
[0] 55, 40, 20, 77
[1] 197, 165, 119, 47, 5, 80, 445, 12
[2] 99, 369
[3] 152, 62


#kubuntu-devel_26_3_2013_simpledirectedgraph_igraphs.png
Clustering with 15 elements and 4 clusters
[0] 165, 146, 82, 119, 72, 20, 81, 329
[1] 90, 155
[2] 197, 271, 62
[3] 137, 12


#kubuntu-devel_27_3_2013_simpledirectedgraph_igraphs.png
Clustering with 16 elements and 4 clusters
[0] 165, 33, 40, 99, 152
[1] 62, 197, 163, 123
[2] 12, 47
[3] 72, 81, 90, 20, 5


#kubuntu-devel_28_3_2013_simpledirectedgraph_igraphs.png
Clustering with 16 elements and 2 clusters
[0] 99, 165, 197, 12, 20, 155, 5, 81, 163, 17, 75, 120, 9, 218
[1] 252, 97


#kubuntu-devel_29_3_2013_simpledirectedgraph_igraphs.png
Clustering with 12 elements and 1 clusters
[0] 99, 165, 197, 62, 20, 12, 275, 40, 155, 163, 47, 119


#kubuntu-devel_30_3_2013_simpledirectedgraph_igraphs.png
Clustering with 10 elements and 1 clusters
[0] 24, 165, 132, 12, 163, 20, 147, 197, 99, 40


#kubuntu-devel_31_3_2013_simpledirectedgraph_igraphs.png
Clustering with 6 elements and 2 clusters
[0] 12, 40, 20, 176
[1] 9, 165


#kubuntu-devel_1_4_2013_simpledirectedgraph_igraphs.png
Clustering with 11 elements and 1 clusters
[0] 12, 20, 165, 72, 9, 99, 58, 152, 55, 27, 353


#kubuntu-devel_2_4_2013_simpledirectedgraph_igraphs.png
Clustering with 16 elements and 2 clusters
[0] 165, 305, 9, 77, 176, 33, 55, 99, 20, 19, 27, 90, 5
[1] 163, 12, 197


#kubuntu-devel_3_4_2013_simpledirectedgraph_igraphs.png
Clustering with 31 elements and 2 clusters
[0] 165, 132, 5, 20, 33, 77, 40, 27, 97, 196, 352, 177, 126, 183, 90, 47, 72,
    24, 16, 119, 121, 176, 155, 9, 12, 99, 109, 138
[1] 197, 62, 55


#kubuntu-devel_4_4_2013_simpledirectedgraph_igraphs.png
Clustering with 17 elements and 2 clusters
[0] 33, 165, 12, 40, 47, 20, 90, 97, 81, 152, 155, 55, 197, 119, 5
[1] 9, 145


#kubuntu-devel_5_4_2013_simpledirectedgraph_igraphs.png
Clustering with 16 elements and 1 clusters
[0] 165, 9, 33, 145, 152, 197, 12, 72, 163, 408, 20, 90, 55, 5, 252, 119


#kubuntu-devel_6_4_2013_simpledirectedgraph_igraphs.png
Clustering with 8 elements and 1 clusters
[0] 33, 5, 12, 40, 165, 20, 9, 197


#kubuntu-devel_7_4_2013_simpledirectedgraph_igraphs.png
Clustering with 9 elements and 2 clusters
[0] 33, 5, 72, 20, 165, 77, 90
[1] 12, 40


#kubuntu-devel_8_4_2013_simpledirectedgraph_igraphs.png
Clustering with 19 elements and 1 clusters
[0] 20, 72, 33, 12, 55, 81, 40, 165, 197, 176, 9, 97, 90, 5, 109, 209, 77,
    187, 24


#kubuntu-devel_9_4_2013_simpledirectedgraph_igraphs.png
Clustering with 25 elements and 3 clusters
[0] 9, 24, 197, 163, 165, 17, 20, 12, 445, 33, 209, 72, 152, 123, 21, 439,
    155, 81, 62, 40, 95
[1] 145, 376
[2] 5, 14


#kubuntu-devel_10_4_2013_simpledirectedgraph_igraphs.png
Clustering with 14 elements and 1 clusters
[0] 12, 9, 55, 97, 5, 72, 165, 163, 33, 40, 246, 119, 81, 24


#kubuntu-devel_11_4_2013_simpledirectedgraph_igraphs.png
Clustering with 17 elements and 3 clusters
[0] 40, 12, 9, 33, 82, 58, 176, 20, 47, 119
[1] 55, 165
[2] 197, 24, 114, 81, 72


#kubuntu-devel_12_4_2013_simpledirectedgraph_igraphs.png
Clustering with 17 elements and 3 clusters
[0] 5, 9, 187, 33, 72, 97, 165, 17, 155, 34, 82, 20, 24
[1] 12, 40
[2] 47, 152


#kubuntu-devel_13_4_2013_simpledirectedgraph_igraphs.png
Clustering with 8 elements and 2 clusters
[0] 33, 12, 81, 197, 20, 165
[1] 90, 47


#kubuntu-devel_14_4_2013_simpledirectedgraph_igraphs.png
Clustering with 8 elements and 2 clusters
[0] 20, 211
[1] 33, 72, 5, 24, 12, 197


#kubuntu-devel_15_4_2013_simpledirectedgraph_igraphs.png
Clustering with 18 elements and 3 clusters
[0] 9, 165, 33, 197, 152, 97, 82, 40, 62, 71, 12, 5, 126
[1] 20, 47, 155
[2] 24, 55


#kubuntu-devel_16_4_2013_simpledirectedgraph_igraphs.png
Clustering with 20 elements and 2 clusters
[0] 9, 40, 197, 97, 33, 165, 151, 20, 77, 282, 176, 12, 70, 90, 72, 27, 138,
    81
[1] 155, 47


#kubuntu-devel_17_4_2013_simpledirectedgraph_igraphs.png
Clustering with 17 elements and 1 clusters
[0] 197, 165, 33, 12, 40, 20, 9, 81, 90, 97, 77, 47, 62, 119, 82, 5, 126


#kubuntu-devel_18_4_2013_simpledirectedgraph_igraphs.png
Clustering with 21 elements and 3 clusters
[0] 70, 165, 33, 9, 90, 126, 20, 426, 198, 97, 155, 12, 34, 368, 82, 269
[1] 47, 72, 132
[2] 197, 163


#kubuntu-devel_19_4_2013_simpledirectedgraph_igraphs.png
Clustering with 13 elements and 2 clusters
[0] 163, 197, 33, 165, 5, 9, 97, 12, 47, 40, 160
[1] 329, 155


#kubuntu-devel_20_4_2013_simpledirectedgraph_igraphs.png
Clustering with 10 elements and 2 clusters
[0] 33, 426, 121, 47, 12, 356
[1] 20, 9, 197, 62


#kubuntu-devel_21_4_2013_simpledirectedgraph_igraphs.png
Clustering with 10 elements and 3 clusters
[0] 33, 47, 90, 109
[1] 20, 197, 40, 12
[2] 270, 97


#kubuntu-devel_22_4_2013_simpledirectedgraph_igraphs.png
Clustering with 4 elements and 2 clusters
[0] 197, 165
[1] 12, 40


#kubuntu-devel_23_4_2013_simpledirectedgraph_igraphs.png
Clustering with 18 elements and 1 clusters
[0] 197, 165, 33, 24, 40, 152, 47, 97, 34, 82, 12, 72, 132, 315, 20, 110, 293,
    49


#kubuntu-devel_24_4_2013_simpledirectedgraph_igraphs.png
Clustering with 19 elements and 2 clusters
[0] 49, 185, 197, 77, 165, 9, 137, 315, 33, 62, 400, 5, 20, 97, 84
[1] 12, 40, 132, 34


#kubuntu-devel_25_4_2013_simpledirectedgraph_igraphs.png
Clustering with 20 elements and 2 clusters
[0] 165, 9, 24, 132, 197, 33, 62, 442, 90, 47, 5, 307, 12, 20, 65, 100, 97,
    152
[1] 40, 55


#kubuntu-devel_26_4_2013_simpledirectedgraph_igraphs.png
Clustering with 19 elements and 4 clusters
[0] 65, 165, 112, 40, 58, 33, 12, 197, 71, 113, 211, 315
[1] 62, 126, 20
[2] 152, 47
[3] 72, 9


#kubuntu-devel_27_4_2013_simpledirectedgraph_igraphs.png
Clustering with 14 elements and 2 clusters
[0] 58, 40, 197, 12, 20, 59, 132, 165, 329, 90, 112, 9
[1] 33, 72


#kubuntu-devel_28_4_2013_simpledirectedgraph_igraphs.png
Clustering with 12 elements and 3 clusters
[0] 132, 329, 33, 165, 409
[1] 197, 20, 27, 155
[2] 40, 190, 12


#kubuntu-devel_29_4_2013_simpledirectedgraph_igraphs.png
Clustering with 18 elements and 1 clusters
[0] 197, 211, 33, 176, 55, 12, 165, 132, 9, 163, 155, 77, 160, 17, 329, 427,
    152, 40


#kubuntu-devel_30_4_2013_simpledirectedgraph_igraphs.png
Clustering with 14 elements and 3 clusters
[0] 12, 146, 1, 34, 62
[1] 9, 165, 33, 20, 245, 112
[2] 197, 132, 14


#kubuntu-devel_1_5_2013_simpledirectedgraph_igraphs.png
Clustering with 15 elements and 1 clusters
[0] 12, 9, 20, 42, 112, 5, 34, 211, 165, 255, 197, 40, 176, 132, 109


#kubuntu-devel_2_5_2013_simpledirectedgraph_igraphs.png
Clustering with 25 elements and 2 clusters
[0] 197, 132, 152, 9, 12, 24, 27, 90, 119, 138, 33, 55, 165, 97, 211, 145,
    146, 20, 136, 176, 65, 80, 109
[1] 155, 196


#kubuntu-devel_3_5_2013_simpledirectedgraph_igraphs.png
Clustering with 14 elements and 3 clusters
[0] 132, 165, 33, 197, 24, 196, 176, 12, 9
[1] 58, 20, 126
[2] 97, 40


#kubuntu-devel_4_5_2013_simpledirectedgraph_igraphs.png
Clustering with 15 elements and 1 clusters
[0] 33, 176, 197, 132, 24, 9, 165, 12, 40, 20, 80, 126, 62, 72, 119


#kubuntu-devel_5_5_2013_simpledirectedgraph_igraphs.png
Clustering with 13 elements and 1 clusters
[0] 197, 9, 165, 132, 24, 33, 20, 72, 12, 3, 62, 40, 187


#kubuntu-devel_6_5_2013_simpledirectedgraph_igraphs.png
Clustering with 15 elements and 1 clusters
[0] 197, 165, 24, 132, 33, 5, 9, 12, 20, 119, 143, 97, 47, 344, 152


#kubuntu-devel_7_5_2013_simpledirectedgraph_igraphs.png
Clustering with 18 elements and 1 clusters
[0] 132, 12, 33, 24, 90, 125, 165, 176, 47, 9, 20, 445, 119, 34, 379, 187,
    145, 197


#kubuntu-devel_8_5_2013_simpledirectedgraph_igraphs.png
Clustering with 22 elements and 2 clusters
[0] 47, 20, 33, 165, 58, 65, 12, 176, 82, 197, 163, 155, 127, 5, 126, 40, 46,
    445, 110
[1] 9, 97, 132


#kubuntu-devel_9_5_2013_simpledirectedgraph_igraphs.png
Clustering with 15 elements and 1 clusters
[0] 33, 176, 165, 445, 197, 20, 12, 40, 155, 9, 6, 126, 132, 24, 55


#kubuntu-devel_10_5_2013_simpledirectedgraph_igraphs.png
Clustering with 19 elements and 1 clusters
[0] 197, 132, 33, 165, 6, 40, 125, 12, 20, 155, 445, 9, 127, 5, 126, 145, 184,
    47, 138


#kubuntu-devel_11_5_2013_simpledirectedgraph_igraphs.png
Clustering with 13 elements and 1 clusters
[0] 132, 165, 47, 20, 5, 9, 12, 209, 21, 33, 155, 445, 24


#kubuntu-devel_12_5_2013_simpledirectedgraph_igraphs.png
Clustering with 14 elements and 3 clusters
[0] 132, 24, 33, 20, 165, 176, 9, 119, 170, 72
[1] 47, 152
[2] 16, 5


#kubuntu-devel_13_5_2013_simpledirectedgraph_igraphs.png
Clustering with 13 elements and 4 clusters
[0] 20, 33, 90, 6, 165
[1] 47, 152
[2] 40, 119, 312, 197
[3] 132, 24


#kubuntu-devel_14_5_2013_simpledirectedgraph_igraphs.png
Clustering with 16 elements and 4 clusters
[0] 40, 33, 20, 155, 119, 132, 77
[1] 24, 55, 6
[2] 197, 13, 9, 165
[3] 126, 163


#kubuntu-devel_15_5_2013_simpledirectedgraph_igraphs.png
Clustering with 21 elements and 4 clusters
[0] 163, 126, 197, 9, 55, 152, 165, 33, 47, 196, 62, 8, 5, 176
[1] 84, 119
[2] 132, 24, 460
[3] 20, 40


#kubuntu-devel_16_5_2013_simpledirectedgraph_igraphs.png
Clustering with 15 elements and 3 clusters
[0] 132, 165, 197, 163, 265, 445, 8, 24, 261
[1] 12, 20, 224
[2] 77, 47, 72


#kubuntu-devel_17_5_2013_simpledirectedgraph_igraphs.png
Clustering with 22 elements and 1 clusters
[0] 197, 9, 47, 155, 127, 165, 100, 97, 12, 132, 419, 20, 16, 72, 27, 6, 24,
    90, 70, 176, 8, 145


#kubuntu-devel_18_5_2013_simpledirectedgraph_igraphs.png
Clustering with 6 elements and 2 clusters
[0] 55, 165, 199, 197
[1] 33, 24


#kubuntu-devel_19_5_2013_simpledirectedgraph_igraphs.png
Clustering with 5 elements and 1 clusters
[0] 132, 24, 119, 184, 55


#kubuntu-devel_20_5_2013_simpledirectedgraph_igraphs.png
Clustering with 20 elements and 1 clusters
[0] 12, 176, 33, 47, 165, 40, 119, 132, 20, 197, 9, 24, 155, 100, 97, 419, 8,
    145, 90, 138


#kubuntu-devel_21_5_2013_simpledirectedgraph_igraphs.png
Clustering with 22 elements and 4 clusters
[0] 132, 119, 24, 32, 33, 47, 165, 20, 306, 40, 343, 5
[1] 12, 46, 145, 414
[2] 155, 58, 197
[3] 85, 72, 8


#kubuntu-devel_22_5_2013_simpledirectedgraph_igraphs.png
Clustering with 23 elements and 6 clusters
[0] 197, 58, 119, 126
[1] 9, 33, 127, 62, 20, 22, 155, 100, 40, 5
[2] 145, 12
[3] 165, 85, 330
[4] 132, 24
[5] 47, 152


#kubuntu-devel_23_5_2013_simpledirectedgraph_igraphs.png
Clustering with 17 elements and 3 clusters
[0] 197, 126, 6, 100, 165, 9, 62, 20, 112
[1] 132, 24, 119, 365, 170
[2] 12, 47, 152


#kubuntu-devel_24_5_2013_simpledirectedgraph_igraphs.png
Clustering with 10 elements and 3 clusters
[0] 197, 12, 20, 9, 165
[1] 132, 24, 463
[2] 47, 72


#kubuntu-devel_25_5_2013_simpledirectedgraph_igraphs.png
Clustering with 6 elements and 1 clusters
[0] 132, 24, 20, 5, 155, 40


#kubuntu-devel_26_5_2013_simpledirectedgraph_igraphs.png
Clustering with 10 elements and 5 clusters
[0] 132, 100, 72
[1] 12, 197
[2] 9, 55
[3] 443, 24
[4] 119


#kubuntu-devel_27_5_2013_simpledirectedgraph_igraphs.png
Clustering with 16 elements and 4 clusters
[0] 132, 12, 24, 47, 72, 223
[1] 197, 168, 165, 6, 155, 34
[2] 119, 20
[3] 9, 55


#kubuntu-devel_28_5_2013_simpledirectedgraph_igraphs.png
Clustering with 19 elements and 3 clusters
[0] 12, 165, 6, 20, 55, 127, 126, 24, 261
[1] 119, 132, 168, 155, 72, 125, 197
[2] 8, 145, 81


#kubuntu-devel_29_5_2013_simpledirectedgraph_igraphs.png
Clustering with 23 elements and 4 clusters
[0] 9, 12, 165, 55, 20, 445, 72, 6, 47, 40
[1] 261, 24, 132, 138, 197, 372
[2] 8, 163, 145, 346
[3] 119, 168, 443


#kubuntu-devel_30_5_2013_simpledirectedgraph_igraphs.png
Clustering with 15 elements and 3 clusters
[0] 132, 24, 72, 8
[1] 12, 197, 165, 40, 97, 322, 6, 46, 9
[2] 47, 152


#kubuntu-devel_31_5_2013_simpledirectedgraph_igraphs.png
Clustering with 22 elements and 5 clusters
[0] 12, 9, 126, 165, 20, 40, 77, 47, 33, 336, 119, 99
[1] 132, 24, 90, 72
[2] 97, 197
[3] 155, 446
[4] 8, 145


#kubuntu-devel_1_6_2013_simpledirectedgraph_igraphs.png
Clustering with 15 elements and 1 clusters
[0] 165, 197, 132, 24, 8, 100, 92, 72, 12, 9, 55, 20, 145, 90, 62


#kubuntu-devel_2_6_2013_simpledirectedgraph_igraphs.png
Clustering with 7 elements and 1 clusters
[0] 12, 62, 24, 165, 132, 72, 9


#kubuntu-devel_3_6_2013_simpledirectedgraph_igraphs.png
Clustering with 24 elements and 4 clusters
[0] 24, 12, 72, 165, 197, 9, 6, 20, 55, 127, 5, 47, 19, 445
[1] 152, 21, 97
[2] 132, 100, 58, 119, 92
[3] 8, 145


#kubuntu-devel_4_6_2013_simpledirectedgraph_igraphs.png
Clustering with 14 elements and 3 clusters
[0] 12, 165, 193, 20, 127, 209, 19, 126
[1] 197, 80, 264
[2] 132, 119, 100


#kubuntu-devel_5_6_2013_simpledirectedgraph_igraphs.png
Clustering with 23 elements and 4 clusters
[0] 12, 165, 127, 20, 9, 179, 145, 47, 197, 62, 175, 101, 40, 126, 212, 72, 8,
    122
[1] 132, 24
[2] 155, 34
[3] 119


#kubuntu-devel_6_6_2013_simpledirectedgraph_igraphs.png
Clustering with 17 elements and 3 clusters
[0] 165, 122, 20, 47, 152, 155, 6, 12, 151, 145, 34
[1] 132, 24, 72, 261
[2] 9, 197


#kubuntu-devel_7_6_2013_simpledirectedgraph_igraphs.png
Clustering with 24 elements and 3 clusters
[0] 132, 24, 197, 97, 72, 47, 165, 55, 58, 20, 6, 202, 206, 155, 126, 40, 336,
    119, 112, 365
[1] 12, 62
[2] 34, 381


#kubuntu-devel_8_6_2013_simpledirectedgraph_igraphs.png
Clustering with 11 elements and 3 clusters
[0] 99, 165, 20, 12, 155, 197, 72
[1] 119, 40
[2] 132, 24


#kubuntu-devel_9_6_2013_simpledirectedgraph_igraphs.png
Clustering with 5 elements and 1 clusters
[0] 132, 212, 72, 165, 200


#kubuntu-devel_10_6_2013_simpledirectedgraph_igraphs.png
Clustering with 17 elements and 3 clusters
[0] 20, 9, 62, 5, 48
[1] 119, 212, 132, 200, 221, 12, 346, 181, 165, 176, 72
[2] 40


#kubuntu-devel_11_6_2013_simpledirectedgraph_igraphs.png
Clustering with 13 elements and 2 clusters
[0] 12, 165, 336, 9, 20, 40, 181, 99, 155, 203, 34
[1] 132, 212


#kubuntu-devel_12_6_2013_simpledirectedgraph_igraphs.png
Clustering with 10 elements and 1 clusters
[0] 12, 165, 178, 46, 40, 132, 99, 20, 145, 24


#kubuntu-devel_13_6_2013_simpledirectedgraph_igraphs.png
Clustering with 18 elements and 5 clusters
[0] 12, 20, 9, 47
[1] 132, 119, 24, 90, 165, 139
[2] 8, 464, 34
[3] 197, 40, 176
[4] 155, 181


#kubuntu-devel_14_6_2013_simpledirectedgraph_igraphs.png
Clustering with 21 elements and 2 clusters
[0] 33, 187, 165, 12, 20, 40, 47, 197, 145, 467, 99, 9, 152, 80, 46, 34
[1] 132, 212, 24, 460, 1


#kubuntu-devel_15_6_2013_simpledirectedgraph_igraphs.png
Clustering with 12 elements and 2 clusters
[0] 132, 165, 20, 12, 127, 178, 181, 155, 24, 4
[1] 40, 197


#kubuntu-devel_16_6_2013_simpledirectedgraph_igraphs.png
Clustering with 18 elements and 1 clusters
[0] 132, 24, 181, 12, 165, 136, 20, 33, 99, 40, 197, 9, 120, 72, 155, 329, 47,
    100


#kubuntu-devel_17_6_2013_simpledirectedgraph_igraphs.png
Clustering with 22 elements and 2 clusters
[0] 132, 119, 33, 12, 20, 145, 9, 40, 97, 165, 47, 155, 445, 176, 18, 72, 29,
    58, 75
[1] 55, 24, 197


#kubuntu-devel_18_6_2013_simpledirectedgraph_igraphs.png
Clustering with 12 elements and 2 clusters
[0] 12, 20, 33, 165, 146, 151, 9, 132, 145, 34
[1] 40, 97


#kubuntu-devel_19_6_2013_simpledirectedgraph_igraphs.png
Clustering with 17 elements and 3 clusters
[0] 12, 33, 20, 40, 176, 82, 9, 165, 97, 155, 47, 90, 197
[1] 72, 132
[2] 393, 146


#kubuntu-devel_20_6_2013_simpledirectedgraph_igraphs.png
Clustering with 16 elements and 2 clusters
[0] 20, 165, 90, 197, 12, 33, 62, 47, 9, 176, 40, 112
[1] 132, 24, 1, 72


#kubuntu-devel_21_6_2013_simpledirectedgraph_igraphs.png
Clustering with 17 elements and 2 clusters
[0] 165, 197, 40, 152, 176, 9, 20, 90, 47, 12, 80, 33, 62, 27, 181
[1] 132, 24


#kubuntu-devel_22_6_2013_simpledirectedgraph_igraphs.png
Clustering with 15 elements and 1 clusters
[0] 197, 165, 181, 20, 47, 87, 145, 5, 33, 72, 155, 40, 127, 132, 9


#kubuntu-devel_23_6_2013_simpledirectedgraph_igraphs.png
Clustering with 8 elements and 1 clusters
[0] 197, 165, 9, 33, 47, 20, 176, 132


#kubuntu-devel_24_6_2013_simpledirectedgraph_igraphs.png
Clustering with 19 elements and 2 clusters
[0] 197, 165, 172, 9, 20, 12, 40, 55, 90, 101, 33, 455, 62, 132, 126, 97, 24
[1] 47, 5


#kubuntu-devel_25_6_2013_simpledirectedgraph_igraphs.png
Clustering with 20 elements and 2 clusters
[0] 40, 165, 132, 197, 172, 126, 259, 12, 47, 20, 24, 33, 176, 455, 9, 34,
    139, 145
[1] 155, 308


#kubuntu-devel_26_6_2013_simpledirectedgraph_igraphs.png
Clustering with 15 elements and 1 clusters
[0] 172, 12, 197, 165, 47, 24, 33, 152, 410, 20, 145, 62, 151, 132, 40


#kubuntu-devel_27_6_2013_simpledirectedgraph_igraphs.png
Clustering with 29 elements and 2 clusters
[0] 40, 165, 20, 172, 12, 197, 176, 139, 132, 24, 146, 100, 72, 33, 47, 9,
    155, 36, 136, 97, 389, 58, 19, 460, 1, 119, 412
[1] 145, 34


#kubuntu-devel_28_6_2013_simpledirectedgraph_igraphs.png
Clustering with 24 elements and 3 clusters
[0] 20, 40, 33, 197, 445, 47, 12, 34, 87, 21, 172
[1] 132, 24, 6, 165, 162, 155, 62, 97, 112
[2] 100, 460, 9, 146


#kubuntu-devel_29_6_2013_simpledirectedgraph_igraphs.png
Clustering with 18 elements and 1 clusters
[0] 172, 165, 197, 132, 33, 20, 12, 24, 47, 72, 126, 87, 155, 73, 80, 9, 445,
    176


#kubuntu-devel_30_6_2013_simpledirectedgraph_igraphs.png
Clustering with 10 elements and 1 clusters
[0] 9, 20, 197, 132, 33, 165, 225, 176, 40, 12


#kubuntu-devel_1_7_2013_simpledirectedgraph_igraphs.png
Clustering with 25 elements and 4 clusters
[0] 33, 197, 146, 47, 20, 24, 12, 225, 40, 165, 219, 445, 97, 151, 152, 167,
    9, 6, 120, 362, 58
[1] 132, 1
[2] 72
[3] 123


#kubuntu-devel_2_7_2013_simpledirectedgraph_igraphs.png
Clustering with 20 elements and 2 clusters
[0] 362, 197, 1, 58, 40, 162, 165, 38, 132, 9, 33, 12, 77, 20, 176, 445, 32,
    225
[1] 155, 34


#kubuntu-devel_3_7_2013_simpledirectedgraph_igraphs.png
Clustering with 19 elements and 3 clusters
[0] 12, 20, 165, 47, 33, 151, 77, 225, 105, 90, 186, 155, 40, 72
[1] 197, 172, 9, 24
[2] 445


#kubuntu-devel_4_7_2013_simpledirectedgraph_igraphs.png
Clustering with 19 elements and 1 clusters
[0] 24, 172, 186, 165, 12, 152, 62, 20, 197, 77, 155, 72, 47, 9, 176, 33, 225,
    97, 132


#kubuntu-devel_5_7_2013_simpledirectedgraph_igraphs.png
Clustering with 19 elements and 4 clusters
[0] 165, 20, 33, 47, 151, 197, 1, 6, 324, 12
[1] 172, 97, 9, 5
[2] 152, 62
[3] 132, 389, 72


#kubuntu-devel_6_7_2013_simpledirectedgraph_igraphs.png
Clustering with 10 elements and 3 clusters
[0] 9, 20, 225, 391
[1] 172, 97, 197, 12
[2] 33, 165


#kubuntu-devel_7_7_2013_simpledirectedgraph_igraphs.png
Clustering with 8 elements and 3 clusters
[0] 197, 33, 40
[1] 145, 5, 12
[2] 172, 97


#kubuntu-devel_8_7_2013_simpledirectedgraph_igraphs.png
Clustering with 18 elements and 1 clusters
[0] 165, 324, 197, 186, 152, 12, 33, 127, 9, 62, 20, 77, 139, 378, 445, 40,
    151, 34


#kubuntu-devel_9_7_2013_simpledirectedgraph_igraphs.png
Clustering with 15 elements and 4 clusters
[0] 20, 9, 127, 12
[1] 197, 40, 33, 47, 445, 176, 82
[2] 165, 152
[3] 172, 132


#kubuntu-devel_10_7_2013_simpledirectedgraph_igraphs.png
Clustering with 13 elements and 2 clusters
[0] 33, 197, 27, 176, 49, 20, 165, 9, 12, 127, 138
[1] 152, 62


#kubuntu-devel_11_7_2013_simpledirectedgraph_igraphs.png
Clustering with 14 elements and 6 clusters
[0] 197, 20, 12, 62, 9
[1] 172, 97
[2] 165, 80
[3] 127, 5
[4] 132, 24
[5] 410


#kubuntu-devel_12_7_2013_simpledirectedgraph_igraphs.png
Clustering with 6 elements and 2 clusters
[0] 20, 119, 12, 197
[1] 186, 47


#kubuntu-devel_13_7_2013_simpledirectedgraph_igraphs.png
Clustering with 8 elements and 1 clusters
[0] 165, 138, 49, 340, 20, 24, 12, 435


#kubuntu-devel_14_7_2013_simpledirectedgraph_igraphs.png
Clustering with 7 elements and 1 clusters
[0] 165, 172, 12, 197, 20, 382, 9


#kubuntu-devel_15_7_2013_simpledirectedgraph_igraphs.png
Clustering with 18 elements and 1 clusters
[0] 9, 20, 165, 12, 55, 132, 152, 40, 24, 47, 272, 197, 129, 97, 172, 445, 5,
    329


#kubuntu-devel_16_7_2013_simpledirectedgraph_igraphs.png
Clustering with 15 elements and 2 clusters
[0] 197, 9, 165, 20, 389, 12, 55, 40, 445, 6, 187, 145, 49
[1] 97, 172


#kubuntu-devel_17_7_2013_simpledirectedgraph_igraphs.png
Clustering with 12 elements and 1 clusters
[0] 12, 40, 172, 20, 97, 165, 197, 9, 152, 77, 117, 176


#kubuntu-devel_18_7_2013_simpledirectedgraph_igraphs.png
Clustering with 14 elements and 3 clusters
[0] 20, 9, 40, 165, 12, 197, 97, 152, 6, 126
[1] 49, 5
[2] 172, 36


#kubuntu-devel_19_7_2013_simpledirectedgraph_igraphs.png
Clustering with 14 elements and 2 clusters
[0] 126, 165, 12, 9, 55, 20, 445, 41, 197, 6, 190, 47
[1] 172, 97


#kubuntu-devel_20_7_2013_simpledirectedgraph_igraphs.png
Clustering with 8 elements and 3 clusters
[0] 165, 12
[1] 225, 155, 172, 20
[2] 40, 212


#kubuntu-devel_21_7_2013_simpledirectedgraph_igraphs.png
Clustering with 3 elements and 1 clusters
[0] 197, 9, 19


#kubuntu-devel_22_7_2013_simpledirectedgraph_igraphs.png
Clustering with 9 elements and 2 clusters
[0] 40, 34, 47, 20, 165, 197
[1] 12, 9, 181


#kubuntu-devel_23_7_2013_simpledirectedgraph_igraphs.png
Clustering with 18 elements and 2 clusters
[0] 9, 197, 233, 47, 77, 155, 12, 90, 20, 40, 33, 72, 186, 165, 176, 34
[1] 172, 97


#kubuntu-devel_24_7_2013_simpledirectedgraph_igraphs.png
Clustering with 15 elements and 2 clusters
[0] 197, 165, 49, 55, 24, 40, 9, 20, 155, 72, 151, 12, 34
[1] 152, 62


#kubuntu-devel_25_7_2013_simpledirectedgraph_igraphs.png
Clustering with 11 elements and 1 clusters
[0] 47, 165, 73, 20, 9, 12, 157, 197, 40, 152, 72


#kubuntu-devel_26_7_2013_simpledirectedgraph_igraphs.png
Clustering with 13 elements and 1 clusters
[0] 197, 40, 6, 165, 55, 12, 9, 20, 152, 47, 295, 126, 90


#kubuntu-devel_27_7_2013_simpledirectedgraph_igraphs.png
Clustering with 7 elements and 3 clusters
[0] 172, 9, 97
[1] 47, 72
[2] 295, 20


#kubuntu-devel_28_7_2013_simpledirectedgraph_igraphs.png
Clustering with 6 elements and 2 clusters
[0] 132, 12, 20, 197
[1] 172, 9


#kubuntu-devel_29_7_2013_simpledirectedgraph_igraphs.png
Clustering with 12 elements and 3 clusters
[0] 12, 20, 5, 9, 468, 127, 126
[1] 165, 152, 62
[2] 211, 197


#kubuntu-devel_30_7_2013_simpledirectedgraph_igraphs.png
Clustering with 12 elements and 3 clusters
[0] 172, 9, 12, 20, 146
[1] 152, 165, 62, 6, 49
[2] 127, 5


#kubuntu-devel_31_7_2013_simpledirectedgraph_igraphs.png
Clustering with 17 elements and 1 clusters
[0] 9, 12, 146, 20, 24, 33, 152, 165, 225, 112, 129, 55, 126, 114, 40, 189,
    132


#kubuntu-devel_1_8_2013_simpledirectedgraph_igraphs.png
Clustering with 23 elements and 3 clusters
[0] 33, 197, 24, 176, 97, 12, 20, 55, 165, 90, 152, 114, 9, 127, 225, 145,
    155, 288, 40
[1] 34, 47
[2] 132, 72


#kubuntu-devel_2_8_2013_simpledirectedgraph_igraphs.png
Clustering with 15 elements and 2 clusters
[0] 33, 176, 20, 72, 165, 47, 126, 197, 9, 151, 10, 225
[1] 152, 40, 62


#kubuntu-devel_3_8_2013_simpledirectedgraph_igraphs.png
Clustering with 9 elements and 3 clusters
[0] 33, 20, 12, 47
[1] 172, 9, 165, 197
[2] 211


#kubuntu-devel_4_8_2013_simpledirectedgraph_igraphs.png
Clustering with 8 elements and 4 clusters
[0] 33, 20
[1] 172, 9, 97
[2] 40, 5
[3] 24


#kubuntu-devel_5_8_2013_simpledirectedgraph_igraphs.png
Clustering with 16 elements and 3 clusters
[0] 12, 33, 55, 197, 20, 151, 211, 176, 165, 71, 126, 24
[1] 9, 136
[2] 40, 82


#kubuntu-devel_6_8_2013_simpledirectedgraph_igraphs.png
Clustering with 16 elements and 6 clusters
[0] 12, 33, 20, 40, 165, 176
[1] 155, 47
[2] 127, 90
[3] 24, 197
[4] 172, 97
[5] 136, 9


#kubuntu-devel_7_8_2013_simpledirectedgraph_igraphs.png
Clustering with 13 elements and 1 clusters
[0] 24, 33, 20, 12, 439, 176, 55, 90, 197, 347, 145, 126, 211


#kubuntu-devel_8_8_2013_simpledirectedgraph_igraphs.png
Clustering with 12 elements and 1 clusters
[0] 12, 33, 197, 20, 47, 126, 211, 97, 469, 95, 151, 62


#kubuntu-devel_9_8_2013_simpledirectedgraph_igraphs.png
Clustering with 18 elements and 4 clusters
[0] 20, 55, 151, 225, 33, 47, 211, 126, 97, 73
[1] 62, 197, 155, 347
[2] 24, 127
[3] 172, 9


#kubuntu-devel_10_8_2013_simpledirectedgraph_igraphs.png
Clustering with 7 elements and 1 clusters
[0] 33, 12, 20, 126, 197, 62, 73


#kubuntu-devel_11_8_2013_simpledirectedgraph_igraphs.png
Clustering with 9 elements and 2 clusters
[0] 33, 176, 12, 20, 95, 40, 127
[1] 197, 62


#kubuntu-devel_12_8_2013_simpledirectedgraph_igraphs.png
Clustering with 20 elements and 1 clusters
[0] 97, 20, 33, 197, 3, 12, 24, 55, 165, 9, 126, 40, 176, 172, 151, 46, 211,
    346, 70, 231


#kubuntu-devel_13_8_2013_simpledirectedgraph_igraphs.png
Clustering with 10 elements and 2 clusters
[0] 165, 12, 197, 20, 33, 225, 40, 47
[1] 90, 55


#kubuntu-devel_14_8_2013_simpledirectedgraph_igraphs.png
Clustering with 15 elements and 1 clusters
[0] 165, 58, 20, 55, 12, 47, 90, 33, 40, 77, 95, 197, 97, 227, 49


#kubuntu-devel_15_8_2013_simpledirectedgraph_igraphs.png
Clustering with 15 elements and 2 clusters
[0] 49, 227, 33, 12, 20, 165, 40, 23, 55, 80, 225, 77, 176
[1] 127, 19


#kubuntu-devel_16_8_2013_simpledirectedgraph_igraphs.png
Clustering with 14 elements and 2 clusters
[0] 197, 49, 172, 9, 33, 165, 12, 20, 127, 23, 375, 227
[1] 145, 157


#kubuntu-devel_17_8_2013_simpledirectedgraph_igraphs.png
Clustering with 13 elements and 3 clusters
[0] 20, 6, 338, 33, 151, 49
[1] 12, 197, 145
[2] 9, 165, 40, 232


#kubuntu-devel_18_8_2013_simpledirectedgraph_igraphs.png
Clustering with 8 elements and 1 clusters
[0] 172, 165, 40, 5, 20, 127, 211, 197


#kubuntu-devel_19_8_2013_simpledirectedgraph_igraphs.png
Clustering with 23 elements and 6 clusters
[0] 90, 9, 165, 85, 12, 192, 155, 82, 197, 151, 20, 176
[1] 127, 19
[2] 172, 97
[3] 24, 157, 55
[4] 34, 47
[5] 360, 77


#kubuntu-devel_20_8_2013_simpledirectedgraph_igraphs.png
Clustering with 14 elements and 1 clusters
[0] 90, 165, 33, 197, 176, 12, 151, 6, 20, 89, 9, 47, 187, 155


#kubuntu-devel_21_8_2013_simpledirectedgraph_igraphs.png
Clustering with 8 elements and 2 clusters
[0] 165, 9, 12, 33, 72
[1] 197, 19, 127


#kubuntu-devel_22_8_2013_simpledirectedgraph_igraphs.png
Clustering with 18 elements and 2 clusters
[0] 33, 77, 12, 90, 40, 72, 186, 165, 197, 9, 62, 49, 212
[1] 55, 24, 20, 47, 155


#kubuntu-devel_23_8_2013_simpledirectedgraph_igraphs.png
Clustering with 12 elements and 3 clusters
[0] 33, 165, 12, 49, 145, 24, 20, 72
[1] 81, 155
[2] 197, 187


#kubuntu-devel_24_8_2013_simpledirectedgraph_igraphs.png
Clustering with 7 elements and 1 clusters
[0] 33, 20, 126, 197, 47, 12, 127


#kubuntu-devel_25_8_2013_simpledirectedgraph_igraphs.png
Clustering with 3 elements and 1 clusters
[0] 24, 20, 127


#kubuntu-devel_26_8_2013_simpledirectedgraph_igraphs.png
Clustering with 15 elements and 1 clusters
[0] 33, 176, 197, 72, 165, 47, 20, 49, 193, 12, 145, 9, 62, 10, 40


#kubuntu-devel_27_8_2013_simpledirectedgraph_igraphs.png
Clustering with 12 elements and 1 clusters
[0] 165, 12, 33, 197, 20, 62, 10, 9, 155, 97, 46, 138


#kubuntu-devel_28_8_2013_simpledirectedgraph_igraphs.png
Clustering with 13 elements and 1 clusters
[0] 165, 33, 375, 23, 20, 9, 211, 155, 197, 151, 12, 90, 24


#kubuntu-devel_29_8_2013_simpledirectedgraph_igraphs.png
Clustering with 9 elements and 2 clusters
[0] 9, 165, 33, 176, 232, 155, 47
[1] 172, 410


#kubuntu-devel_30_8_2013_simpledirectedgraph_igraphs.png
Clustering with 16 elements and 1 clusters
[0] 232, 33, 176, 126, 24, 165, 20, 12, 9, 40, 296, 155, 145, 197, 19, 34


#kubuntu-devel_31_8_2013_simpledirectedgraph_igraphs.png
Clustering with 8 elements and 1 clusters
[0] 33, 72, 47, 165, 12, 55, 20, 170


#kubuntu-devel_1_9_2013_simpledirectedgraph_igraphs.png
Clustering with 10 elements and 1 clusters
[0] 20, 49, 33, 172, 197, 12, 176, 410, 97, 9


#kubuntu-devel_2_9_2013_simpledirectedgraph_igraphs.png
Clustering with 14 elements and 4 clusters
[0] 33, 165, 375, 125, 176, 6, 469
[1] 47, 72, 90
[2] 12, 20
[3] 172, 9


#kubuntu-devel_3_9_2013_simpledirectedgraph_igraphs.png
Clustering with 16 elements and 3 clusters
[0] 139, 165, 72, 33, 263, 47, 197, 152, 62, 155, 163, 51
[1] 21, 20, 12
[2] 213


#kubuntu-devel_4_9_2013_simpledirectedgraph_igraphs.png
Clustering with 16 elements and 2 clusters
[0] 197, 165, 33, 303, 77, 90, 20, 40, 47, 72, 186, 176, 152, 24
[1] 12, 155


#kubuntu-devel_5_9_2013_simpledirectedgraph_igraphs.png
Clustering with 17 elements and 5 clusters
[0] 33, 165, 139, 9, 119, 152, 62, 136
[1] 187, 69
[2] 12, 47, 284
[3] 155, 20
[4] 126, 197


#kubuntu-devel_6_9_2013_simpledirectedgraph_igraphs.png
Clustering with 21 elements and 2 clusters
[0] 33, 72, 47, 55, 90, 9, 165, 375, 4, 70, 343, 77, 176, 40, 197, 89, 155, 6
[1] 12, 20, 175


#kubuntu-devel_7_9_2013_simpledirectedgraph_igraphs.png
Clustering with 14 elements and 3 clusters
[0] 197, 12, 33, 392, 165, 20, 426, 176, 186, 49
[1] 310, 24
[2] 172, 9


#kubuntu-devel_8_9_2013_simpledirectedgraph_igraphs.png
Clustering with 7 elements and 2 clusters
[0] 20, 12, 33, 197
[1] 392, 49, 165


#kubuntu-devel_9_9_2013_simpledirectedgraph_igraphs.png
Clustering with 19 elements and 2 clusters
[0] 197, 165, 20, 33, 126, 392, 89, 12, 9, 303, 152, 55, 40, 77, 176, 97, 193
[1] 155, 74


#kubuntu-devel_10_9_2013_simpledirectedgraph_igraphs.png
Clustering with 18 elements and 2 clusters
[0] 72, 33, 9, 70, 165, 97, 20, 197, 55, 136, 126, 40, 176, 392, 469, 89
[1] 12, 90


#kubuntu-devel_11_9_2013_simpledirectedgraph_igraphs.png
Clustering with 15 elements and 3 clusters
[0] 33, 176, 197, 165, 392, 47, 40, 9, 19, 126
[1] 12, 90, 20
[2] 72, 22


#kubuntu-devel_12_9_2013_simpledirectedgraph_igraphs.png
Clustering with 14 elements and 4 clusters
[0] 9, 55, 90, 347, 12, 211, 21
[1] 33, 165, 20, 89
[2] 47, 155
[3] 176


#kubuntu-devel_13_9_2013_simpledirectedgraph_igraphs.png
Clustering with 16 elements and 1 clusters
[0] 9, 165, 33, 20, 176, 47, 12, 447, 90, 89, 72, 342, 392, 24, 51, 49


#kubuntu-devel_14_9_2013_simpledirectedgraph_igraphs.png
Clustering with 7 elements and 2 clusters
[0] 33, 72, 49, 20, 5
[1] 165, 196


#kubuntu-devel_15_9_2013_simpledirectedgraph_igraphs.png
Clustering with 8 elements and 2 clusters
[0] 429, 40, 12
[1] 33, 49, 225, 20, 398


#kubuntu-devel_16_9_2013_simpledirectedgraph_igraphs.png
Clustering with 20 elements and 3 clusters
[0] 47, 72, 33, 165, 21, 6, 5, 71
[1] 197, 12, 440, 20, 176, 9, 55, 136, 51, 420
[2] 127, 155


#kubuntu-devel_17_9_2013_simpledirectedgraph_igraphs.png
Clustering with 12 elements and 1 clusters
[0] 55, 12, 33, 49, 20, 47, 165, 197, 162, 212, 155, 24


#kubuntu-devel_18_9_2013_simpledirectedgraph_igraphs.png
Clustering with 11 elements and 1 clusters
[0] 165, 162, 9, 55, 20, 126, 12, 90, 81, 72, 307


#kubuntu-devel_19_9_2013_simpledirectedgraph_igraphs.png
Clustering with 10 elements and 2 clusters
[0] 12, 20, 197, 165, 49, 33, 138, 82
[1] 145, 9


#kubuntu-devel_20_9_2013_simpledirectedgraph_igraphs.png
Clustering with 11 elements and 2 clusters
[0] 270, 165, 197, 12, 138, 72, 82, 433, 90
[1] 46, 97


#kubuntu-devel_21_9_2013_simpledirectedgraph_igraphs.png
Clustering with 5 elements and 2 clusters
[0] 172, 12
[1] 33, 295, 197


#kubuntu-devel_22_9_2013_simpledirectedgraph_igraphs.png
Clustering with 4 elements and 1 clusters
[0] 33, 165, 12, 197


#kubuntu-devel_23_9_2013_simpledirectedgraph_igraphs.png
Clustering with 12 elements and 1 clusters
[0] 197, 165, 12, 33, 162, 9, 72, 47, 20, 176, 82, 81


#kubuntu-devel_24_9_2013_simpledirectedgraph_igraphs.png
Clustering with 15 elements and 1 clusters
[0] 197, 12, 72, 55, 165, 162, 20, 33, 85, 9, 155, 81, 145, 47, 82


#kubuntu-devel_25_9_2013_simpledirectedgraph_igraphs.png
Clustering with 24 elements and 3 clusters
[0] 40, 165, 72, 20, 33, 9, 97, 320, 46, 162, 211, 5, 145, 81, 62, 197, 152,
    176
[1] 24, 47, 155, 70
[2] 82, 383


#kubuntu-devel_26_9_2013_simpledirectedgraph_igraphs.png
Clustering with 23 elements and 2 clusters
[0] 40, 176, 33, 165, 42, 9, 162, 55, 126, 37, 24, 90, 197, 252, 155, 127, 81,
    210, 12, 6, 72
[1] 20, 47


#kubuntu-devel_27_9_2013_simpledirectedgraph_igraphs.png
Clustering with 25 elements and 4 clusters
[0] 397, 165, 12, 33, 162, 6, 155, 136, 126, 58, 125, 40, 132, 72, 46, 176, 24
[1] 9, 152, 55, 81
[2] 90, 47, 252
[3] 197


#kubuntu-devel_28_9_2013_simpledirectedgraph_igraphs.png
Clustering with 12 elements and 4 clusters
[0] 47, 252, 155, 112, 20
[1] 132, 165, 24
[2] 383, 82
[3] 437, 176


#kubuntu-devel_29_9_2013_simpledirectedgraph_igraphs.png
Clustering with 7 elements and 3 clusters
[0] 12, 20, 62
[1] 162, 165
[2] 270, 49


#kubuntu-devel_30_9_2013_simpledirectedgraph_igraphs.png
Clustering with 20 elements and 1 clusters
[0] 55, 47, 9, 165, 152, 20, 81, 6, 136, 12, 33, 193, 197, 155, 72, 127, 212,
    126, 399, 176


#kubuntu-devel_1_10_2013_simpledirectedgraph_igraphs.png
Clustering with 10 elements and 1 clusters
[0] 197, 165, 33, 20, 19, 9, 72, 12, 127, 81


#kubuntu-devel_2_10_2013_simpledirectedgraph_igraphs.png
Clustering with 14 elements and 1 clusters
[0] 197, 165, 90, 9, 20, 126, 81, 33, 72, 12, 47, 1, 162, 127


#kubuntu-devel_3_10_2013_simpledirectedgraph_igraphs.png
Clustering with 17 elements and 3 clusters
[0] 9, 127, 40, 82, 165, 55, 197, 12, 33, 81, 329, 193, 20
[1] 62, 179
[2] 232, 252


#kubuntu-devel_4_10_2013_simpledirectedgraph_igraphs.png
Clustering with 6 elements and 1 clusters
[0] 9, 81, 33, 197, 12, 165


#kubuntu-devel_5_10_2013_simpledirectedgraph_igraphs.png
Clustering with 2 elements and 1 clusters
[0] 155, 47


#kubuntu-devel_6_10_2013_simpledirectedgraph_igraphs.png
Clustering with 8 elements and 2 clusters
[0] 5, 9, 6, 47, 155, 34
[1] 12, 165


#kubuntu-devel_7_10_2013_simpledirectedgraph_igraphs.png
Clustering with 13 elements and 3 clusters
[0] 165, 72, 33, 211, 12, 176, 82, 193, 432
[1] 9, 5
[2] 155, 47


#kubuntu-devel_8_10_2013_simpledirectedgraph_igraphs.png
Clustering with 17 elements and 1 clusters
[0] 9, 55, 146, 81, 165, 12, 445, 454, 33, 46, 97, 70, 151, 19, 193, 24, 197


#kubuntu-devel_9_10_2013_simpledirectedgraph_igraphs.png
Clustering with 13 elements and 3 clusters
[0] 193, 165, 197, 72, 445, 155, 12, 5
[1] 9, 81, 454
[2] 172, 132


#kubuntu-devel_10_10_2013_simpledirectedgraph_igraphs.png
Clustering with 19 elements and 1 clusters
[0] 132, 172, 12, 165, 155, 81, 20, 72, 151, 9, 55, 120, 33, 197, 71, 77, 437,
    70, 279


#kubuntu-devel_11_10_2013_simpledirectedgraph_igraphs.png
Clustering with 23 elements and 3 clusters
[0] 197, 437, 165, 16, 62, 234, 12, 279, 47, 454, 20, 9, 155, 411, 72, 348,
    33, 179, 205
[1] 132, 24, 138
[2] 34


#kubuntu-devel_12_10_2013_simpledirectedgraph_igraphs.png
Clustering with 7 elements and 2 clusters
[0] 20, 12
[1] 72, 132, 290, 9, 24


#kubuntu-devel_13_10_2013_simpledirectedgraph_igraphs.png
Clustering with 13 elements and 3 clusters
[0] 127, 9, 155, 47, 209, 12
[1] 197, 20, 437
[2] 72, 165, 33, 126


#kubuntu-devel_14_10_2013_simpledirectedgraph_igraphs.png
Clustering with 15 elements and 2 clusters
[0] 9, 12, 20, 82, 62, 33, 126, 197, 445, 155, 176, 81, 46
[1] 132, 24


#kubuntu-devel_15_10_2013_simpledirectedgraph_igraphs.png
Clustering with 16 elements and 2 clusters
[0] 20, 5, 9, 12, 197, 31, 47, 465, 33, 82, 40
[1] 72, 132, 155, 165, 34


#kubuntu-devel_16_10_2013_simpledirectedgraph_igraphs.png
Clustering with 22 elements and 3 clusters
[0] 197, 47, 152, 12, 16, 24, 179, 165, 321, 343, 9, 33, 155, 77, 23, 100,
    445, 132
[1] 105, 55
[2] 5, 20


#kubuntu-devel_17_10_2013_simpledirectedgraph_igraphs.png
Clustering with 20 elements and 1 clusters
[0] 197, 24, 72, 83, 165, 12, 55, 152, 33, 132, 155, 162, 47, 70, 20, 34, 6,
    9, 81, 5


#kubuntu-devel_18_10_2013_simpledirectedgraph_igraphs.png
Clustering with 21 elements and 1 clusters
[0] 9, 197, 24, 319, 187, 165, 40, 12, 77, 176, 33, 152, 29, 34, 126, 155,
    211, 16, 47, 132, 72


#kubuntu-devel_19_10_2013_simpledirectedgraph_igraphs.png
Clustering with 16 elements and 2 clusters
[0] 197, 132, 24, 9, 350, 72, 256, 77, 12, 211, 20, 34
[1] 33, 127, 165, 70


#kubuntu-devel_20_10_2013_simpledirectedgraph_igraphs.png
Clustering with 14 elements and 2 clusters
[0] 197, 9, 24, 132, 1, 5, 12, 451, 20, 127, 176, 40
[1] 165, 193


#kubuntu-devel_21_10_2013_simpledirectedgraph_igraphs.png
Clustering with 13 elements and 1 clusters
[0] 82, 9, 433, 72, 12, 20, 55, 165, 155, 386, 189, 16, 24


#kubuntu-devel_22_10_2013_simpledirectedgraph_igraphs.png
Clustering with 13 elements and 1 clusters
[0] 9, 165, 12, 55, 197, 33, 176, 433, 62, 20, 155, 40, 100


#kubuntu-devel_23_10_2013_simpledirectedgraph_igraphs.png
Clustering with 20 elements and 2 clusters
[0] 197, 12, 20, 9, 24, 433, 72, 211, 40, 176, 55, 46, 33, 62, 463, 3
[1] 165, 71, 47, 193


#kubuntu-devel_24_10_2013_simpledirectedgraph_igraphs.png
Clustering with 11 elements and 2 clusters
[0] 197, 12, 9, 47, 165, 55, 433
[1] 166, 138, 132, 72


#kubuntu-devel_25_10_2013_simpledirectedgraph_igraphs.png
Clustering with 20 elements and 3 clusters
[0] 9, 12, 90, 55, 24, 20, 211, 176, 47, 40, 132, 212, 72
[1] 165, 433, 209
[2] 197, 152, 166, 126


#kubuntu-devel_26_10_2013_simpledirectedgraph_igraphs.png
Clustering with 12 elements and 2 clusters
[0] 12, 24, 9, 40, 20, 197, 433, 132, 212, 47
[1] 136, 225


#kubuntu-devel_27_10_2013_simpledirectedgraph_igraphs.png
Clustering with 12 elements and 4 clusters
[0] 136, 69, 79
[1] 24, 34, 132, 197, 5
[2] 166, 126
[3] 47, 165


#kubuntu-devel_28_10_2013_simpledirectedgraph_igraphs.png
Clustering with 15 elements and 3 clusters
[0] 55, 79, 12, 40, 197, 165, 5, 34, 212
[1] 20, 72, 132
[2] 9, 211, 176


#kubuntu-devel_29_10_2013_simpledirectedgraph_igraphs.png
Clustering with 17 elements and 1 clusters
[0] 9, 176, 47, 72, 12, 197, 162, 132, 55, 40, 20, 277, 165, 209, 34, 126, 406


#kubuntu-devel_30_10_2013_simpledirectedgraph_igraphs.png
Clustering with 18 elements and 2 clusters
[0] 55, 40, 12, 9, 165, 20, 197, 136, 193, 62, 277, 196, 73, 176
[1] 132, 212, 72, 81


#kubuntu-devel_31_10_2013_simpledirectedgraph_igraphs.png
Clustering with 15 elements and 3 clusters
[0] 212, 132, 12, 9, 437, 165, 81, 225, 125
[1] 176, 20
[2] 197, 40, 55, 34


#kubuntu-devel_1_11_2013_simpledirectedgraph_igraphs.png
Clustering with 19 elements and 3 clusters
[0] 72, 81, 165, 23, 375, 55, 111, 125
[1] 40, 176, 9, 20, 82, 12, 112
[2] 132, 24, 197, 100


#kubuntu-devel_2_11_2013_simpledirectedgraph_igraphs.png
Clustering with 8 elements and 1 clusters
[0] 197, 193, 9, 40, 176, 81, 132, 24


#kubuntu-devel_3_11_2013_simpledirectedgraph_igraphs.png
Clustering with 16 elements and 4 clusters
[0] 9, 40, 165, 20, 47, 81, 176, 211, 160
[1] 197, 175
[2] 132, 72, 55
[3] 172, 24


#kubuntu-devel_4_11_2013_simpledirectedgraph_igraphs.png
Clustering with 19 elements and 4 clusters
[0] 62, 9, 12, 160, 24, 211, 165, 176, 82, 225, 197
[1] 47, 20, 33
[2] 3, 72
[3] 34, 81, 155


#kubuntu-devel_5_11_2013_simpledirectedgraph_igraphs.png
Clustering with 12 elements and 1 clusters
[0] 24, 9, 197, 132, 206, 165, 433, 12, 82, 47, 166, 126


#kubuntu-devel_6_11_2013_simpledirectedgraph_igraphs.png
Clustering with 17 elements and 4 clusters
[0] 12, 47, 20, 145, 9, 454
[1] 165, 81, 415, 68, 34, 24
[2] 197, 166, 126
[3] 5, 16


#kubuntu-devel_7_11_2013_simpledirectedgraph_igraphs.png
Clustering with 11 elements and 1 clusters
[0] 16, 5, 172, 9, 197, 126, 12, 165, 95, 289, 20


#kubuntu-devel_8_11_2013_simpledirectedgraph_igraphs.png
Clustering with 13 elements and 4 clusters
[0] 12, 165, 62, 81, 20
[1] 47, 72, 40, 329
[2] 5, 16
[3] 197, 9


#kubuntu-devel_9_11_2013_simpledirectedgraph_igraphs.png
Clustering with 10 elements and 3 clusters
[0] 47, 72
[1] 132, 172, 9, 24
[2] 12, 197, 166, 225


#kubuntu-devel_10_11_2013_simpledirectedgraph_igraphs.png
Clustering with 13 elements and 5 clusters
[0] 24, 216, 127, 100, 9
[1] 6, 222
[2] 126, 166
[3] 197, 165
[4] 5, 16


#kubuntu-devel_11_11_2013_simpledirectedgraph_igraphs.png
Clustering with 21 elements and 1 clusters
[0] 197, 165, 172, 9, 126, 16, 5, 24, 132, 72, 216, 222, 360, 55, 20, 12, 47,
    163, 162, 151, 276


#kubuntu-devel_12_11_2013_simpledirectedgraph_igraphs.png
Clustering with 19 elements and 2 clusters
[0] 9, 12, 165, 72, 216, 276, 197, 24, 40, 20, 47, 81, 73, 225, 19, 329, 68
[1] 126, 152


#kubuntu-devel_13_11_2013_simpledirectedgraph_igraphs.png
Clustering with 18 elements and 3 clusters
[0] 165, 70, 222, 216, 162, 295, 12, 197, 102, 20, 9, 47, 166
[1] 33, 72, 132
[2] 172, 410


#kubuntu-devel_14_11_2013_simpledirectedgraph_igraphs.png
Clustering with 18 elements and 3 clusters
[0] 12, 166, 40, 9, 197, 55, 6, 20, 81, 176, 47
[1] 165, 276, 5, 222, 3
[2] 132, 72


#kubuntu-devel_15_11_2013_simpledirectedgraph_igraphs.png
Clustering with 12 elements and 2 clusters
[0] 127, 12, 222, 165, 3, 102, 82, 55, 81
[1] 24, 197, 47


#kubuntu-devel_16_11_2013_simpledirectedgraph_igraphs.png
Clustering with 6 elements and 3 clusters
[0] 3, 241
[1] 127, 5
[2] 132, 72


#kubuntu-devel_17_11_2013_simpledirectedgraph_igraphs.png
Clustering with 11 elements and 3 clusters
[0] 20, 49, 12
[1] 24, 267, 132, 34, 55, 197
[2] 47, 72


#kubuntu-devel_18_11_2013_simpledirectedgraph_igraphs.png
Clustering with 14 elements and 3 clusters
[0] 151, 12, 9, 176, 20, 81, 34, 197
[1] 264, 165, 276
[2] 72, 383, 267


#kubuntu-devel_19_11_2013_simpledirectedgraph_igraphs.png
Clustering with 17 elements and 3 clusters
[0] 24, 165, 267, 197, 226, 12, 20, 81, 70, 27, 132
[1] 6, 9, 51
[2] 72, 55, 383


#kubuntu-devel_20_11_2013_simpledirectedgraph_igraphs.png
Clustering with 21 elements and 4 clusters
[0] 20, 81, 267, 165, 151, 55, 383, 12, 101, 6
[1] 9, 24, 172, 176, 3, 197, 46
[2] 132, 72
[3] 166, 126


#kubuntu-devel_21_11_2013_simpledirectedgraph_igraphs.png
Clustering with 18 elements and 4 clusters
[0] 152, 165, 9, 3, 267, 55, 81, 12, 20, 24, 40
[1] 47, 72
[2] 172, 46, 410
[3] 197, 126


#kubuntu-devel_22_11_2013_simpledirectedgraph_igraphs.png
Clustering with 19 elements and 1 clusters
[0] 24, 81, 197, 166, 172, 127, 12, 165, 267, 9, 55, 126, 73, 89, 47, 20, 95,
    176, 49


#kubuntu-devel_23_11_2013_simpledirectedgraph_igraphs.png
Clustering with 19 elements and 1 clusters
[0] 197, 172, 162, 20, 165, 12, 9, 176, 5, 55, 81, 40, 120, 47, 155, 211, 19,
    24, 152


#kubuntu-devel_24_11_2013_simpledirectedgraph_igraphs.png
Clustering with 24 elements and 1 clusters
[0] 197, 20, 132, 24, 9, 152, 165, 136, 81, 12, 55, 5, 211, 73, 101, 40, 80,
    126, 274, 47, 143, 19, 172, 176


#kubuntu-devel_25_11_2013_simpledirectedgraph_igraphs.png
Clustering with 17 elements and 2 clusters
[0] 197, 20, 12, 9, 72, 47, 55, 152, 70, 89, 151, 40
[1] 24, 165, 81, 136, 51


#kubuntu-devel_26_11_2013_simpledirectedgraph_igraphs.png
Clustering with 21 elements and 3 clusters
[0] 12, 47, 20, 6, 165, 151, 51, 254, 166, 81, 72, 126, 197
[1] 172, 9, 55, 179
[2] 24, 40, 125, 176


#kubuntu-devel_27_11_2013_simpledirectedgraph_igraphs.png
Clustering with 14 elements and 3 clusters
[0] 6, 165, 81, 55, 309, 12, 19
[1] 197, 20, 126, 47
[2] 125, 24, 132


#kubuntu-devel_28_11_2013_simpledirectedgraph_igraphs.png
Clustering with 15 elements and 1 clusters
[0] 132, 81, 24, 197, 126, 165, 176, 12, 9, 220, 47, 20, 155, 55, 329


#kubuntu-devel_29_11_2013_simpledirectedgraph_igraphs.png
Clustering with 10 elements and 1 clusters
[0] 47, 72, 165, 176, 12, 20, 151, 9, 197, 34


#kubuntu-devel_30_11_2013_simpledirectedgraph_igraphs.png
Clustering with 8 elements and 1 clusters
[0] 209, 165, 392, 176, 264, 47, 20, 96


#kubuntu-devel_1_12_2013_simpledirectedgraph_igraphs.png
Clustering with 5 elements and 2 clusters
[0] 47, 20, 175
[1] 264, 165


#kubuntu-devel_2_12_2013_simpledirectedgraph_igraphs.png
Clustering with 19 elements and 3 clusters
[0] 47, 281, 6, 12, 20, 165, 9, 19, 176, 55, 155, 127, 81, 119, 62
[1] 72, 132
[2] 143, 151


#kubuntu-devel_3_12_2013_simpledirectedgraph_igraphs.png
Clustering with 25 elements and 2 clusters
[0] 165, 176, 49, 40, 462, 31, 267, 81, 20, 12, 193, 172, 77, 155, 90, 47, 33,
    72, 225, 186, 207, 434, 3
[1] 9, 120


#kubuntu-devel_4_12_2013_simpledirectedgraph_igraphs.png
Clustering with 14 elements and 1 clusters
[0] 197, 165, 9, 20, 12, 151, 90, 262, 6, 47, 383, 62, 81, 55


#kubuntu-devel_5_12_2013_simpledirectedgraph_igraphs.png
Clustering with 14 elements and 1 clusters
[0] 197, 9, 47, 72, 55, 12, 24, 253, 6, 165, 81, 163, 20, 62


#kubuntu-devel_6_12_2013_simpledirectedgraph_igraphs.png
Clustering with 16 elements and 2 clusters
[0] 6, 9, 165, 20, 197, 62, 77, 55, 262, 81, 176, 47, 51, 49
[1] 72, 39


#kubuntu-devel_7_12_2013_simpledirectedgraph_igraphs.png
Clustering with 8 elements and 4 clusters
[0] 232, 155
[1] 72, 132
[2] 47, 390
[3] 162, 165


#kubuntu-devel_8_12_2013_simpledirectedgraph_igraphs.png
Clustering with 5 elements and 1 clusters
[0] 132, 47, 77, 6, 81


#kubuntu-devel_9_12_2013_simpledirectedgraph_igraphs.png
Clustering with 20 elements and 3 clusters
[0] 9, 176, 165, 96, 12, 62, 70, 6, 155, 197, 359, 49
[1] 72, 81, 55, 146, 47, 292
[2] 132, 24


#kubuntu-devel_10_12_2013_simpledirectedgraph_igraphs.png
Clustering with 15 elements and 1 clusters
[0] 197, 165, 20, 12, 70, 47, 9, 24, 388, 62, 89, 407, 74, 40, 363


#kubuntu-devel_11_12_2013_simpledirectedgraph_igraphs.png
Clustering with 13 elements and 4 clusters
[0] 132, 24, 165, 9, 12, 62
[1] 49, 55, 425
[2] 6, 47
[3] 172, 449


#kubuntu-devel_12_12_2013_simpledirectedgraph_igraphs.png
Clustering with 22 elements and 2 clusters
[0] 165, 262, 162, 5, 9, 70, 62, 40, 90, 12, 163, 172, 20, 197, 77, 97, 33,
    99, 126, 176
[1] 19, 401


#kubuntu-devel_13_12_2013_simpledirectedgraph_igraphs.png
Clustering with 25 elements and 6 clusters
[0] 163, 165, 126, 176, 55, 262, 125, 40, 361, 452, 12, 151, 432, 401
[1] 47, 34
[2] 70, 9
[3] 24, 405, 370
[4] 155, 148
[5] 172, 410


#kubuntu-devel_14_12_2013_simpledirectedgraph_igraphs.png
Clustering with 12 elements and 5 clusters
[0] 132, 24, 165, 49
[1] 172, 12
[2] 444, 47
[3] 72, 262, 125
[4] 163


#kubuntu-devel_15_12_2013_simpledirectedgraph_igraphs.png
Clustering with 9 elements and 3 clusters
[0] 165, 24, 421, 262
[1] 47, 18
[2] 9, 12, 40


#kubuntu-devel_16_12_2013_simpledirectedgraph_igraphs.png
Clustering with 27 elements and 4 clusters
[0] 47, 165, 72, 355, 155, 383, 294, 197, 143, 27, 403, 453, 132, 20
[1] 40, 9, 62, 81, 176, 172, 262, 152
[2] 24, 49, 314
[3] 163, 12


#kubuntu-devel_17_12_2013_simpledirectedgraph_igraphs.png
Clustering with 14 elements and 1 clusters
[0] 132, 165, 9, 152, 403, 55, 40, 62, 47, 155, 12, 176, 172, 49


#kubuntu-devel_18_12_2013_simpledirectedgraph_igraphs.png
Clustering with 21 elements and 1 clusters
[0] 165, 12, 24, 55, 132, 172, 9, 331, 72, 358, 333, 20, 403, 6, 155, 197, 62,
    152, 389, 228, 40


#kubuntu-devel_19_12_2013_simpledirectedgraph_igraphs.png
Clustering with 15 elements and 2 clusters
[0] 24, 165, 132, 389, 9, 55, 12, 20, 62, 335, 172, 155, 42
[1] 40, 47


#kubuntu-devel_20_12_2013_simpledirectedgraph_igraphs.png
Clustering with 17 elements and 2 clusters
[0] 24, 132, 3, 72, 193, 165, 34, 47, 403, 155, 466, 181, 20, 80
[1] 62, 9, 176


#kubuntu-devel_21_12_2013_simpledirectedgraph_igraphs.png
Clustering with 13 elements and 5 clusters
[0] 132, 24, 9, 181
[1] 162, 165, 403
[2] 40, 81
[3] 126, 197
[4] 377, 20


#kubuntu-devel_22_12_2013_simpledirectedgraph_igraphs.png
Clustering with 9 elements and 3 clusters
[0] 132, 24, 120, 9, 20
[1] 143, 423
[2] 165, 291


#kubuntu-devel_23_12_2013_simpledirectedgraph_igraphs.png
Clustering with 12 elements and 1 clusters
[0] 132, 24, 47, 172, 165, 55, 9, 318, 12, 403, 162, 128


#kubuntu-devel_24_12_2013_simpledirectedgraph_igraphs.png
Clustering with 15 elements and 1 clusters
[0] 132, 24, 3, 165, 72, 40, 176, 62, 9, 318, 20, 12, 143, 299, 145


#kubuntu-devel_25_12_2013_simpledirectedgraph_igraphs.png
Clustering with 10 elements and 3 clusters
[0] 132, 24, 72
[1] 172, 165, 12, 49
[2] 18, 438, 40


#kubuntu-devel_26_12_2013_simpledirectedgraph_igraphs.png
Clustering with 10 elements and 4 clusters
[0] 155, 20, 62
[1] 81, 40
[2] 49, 132, 24
[3] 12, 165


#kubuntu-devel_27_12_2013_simpledirectedgraph_igraphs.png
Clustering with 4 elements and 2 clusters
[0] 155, 366
[1] 132, 47


#kubuntu-devel_28_12_2013_simpledirectedgraph_igraphs.png
Clustering with 9 elements and 3 clusters
[0] 24, 132, 72, 165
[1] 40, 197, 20
[2] 49, 9


#kubuntu-devel_29_12_2013_simpledirectedgraph_igraphs.png
Clustering with 6 elements and 1 clusters
[0] 165, 24, 132, 72, 470, 47


#kubuntu-devel_30_12_2013_simpledirectedgraph_igraphs.png
Clustering with 5 elements and 1 clusters
[0] 24, 165, 132, 100, 47


#kubuntu-devel_31_12_2013_simpledirectedgraph_igraphs.png
Clustering with 5 elements and 2 clusters
[0] 47, 165, 266
[1] 24, 172
